<?xml version="1.0" encoding="utf-8"?><testsuites name="pytest tests"><testsuite name="pytest" errors="0" failures="0" skipped="2" tests="997" time="319.147" timestamp="2026-05-16T18:59:21.041053-07:00" hostname="Todds-MacBook-Air.local"><testcase classname="tests.test_10_nsm_carbon_calculations" name="test_defaults_POC" time="0.254" /><testcase classname="tests.test_10_nsm_carbon_calculations" name="test_defaults" time="0.257" /><testcase classname="tests.test_10_nsm_carbon_calculations" name="test_defaults_DIC" time="0.264" /><testcase classname="tests.test_10_nsm_carbon_calculations" name="test_changed_POC" time="0.259" /><testcase classname="tests.test_10_nsm_carbon_calculations" name="test_changed_DOC" time="0.271" /><testcase classname="tests.test_10_nsm_carbon_calculations" name="test_changed_DIC" time="0.257" /><testcase classname="tests.test_10_nsm_carbon_calculations" name="test_changed_DOX" time="0.255" /><testcase classname="tests.test_10_nsm_carbon_calculations" name="test_changed_CBOD" time="0.262" /><testcase classname="tests.test_10_nsm_carbon_calculations" name="test_changed_Ap" time="0.315" /><testcase classname="tests.test_10_nsm_carbon_calculations" name="test_changed_Ab" time="0.305" /><testcase classname="tests.test_10_nsm_carbon_calculations" name="test_changed_NH4" time="0.263" /><testcase classname="tests.test_10_nsm_carbon_calculations" name="test_changed_NO3" time="0.262" /><testcase classname="tests.test_10_nsm_carbon_calculations" name="test_changed_TIP" time="0.282" /><testcase classname="tests.test_10_nsm_carbon_calculations" name="test_changed_TwaterC" time="0.264" /><testcase classname="tests.test_10_nsm_carbon_calculations" name="test_changed_fpocp" time="0.264" /><testcase classname="tests.test_10_nsm_carbon_calculations" name="test_changed_fpocb" time="0.263" /><testcase classname="tests.test_10_nsm_carbon_calculations" name="test_changed_KsOxmc" time="0.264" /><testcase classname="tests.test_10_nsm_carbon_calculations" name="test_changed_pCO2" time="0.263" /><testcase classname="tests.test_10_nsm_carbon_calculations" name="test_changed_FCO2" time="0.264" /><testcase classname="tests.test_10_nsm_carbon_calculations" name="test_changed_vsoc" time="0.262" /><testcase classname="tests.test_10_nsm_carbon_calculations" name="test_changed_depth" time="0.262" /><testcase classname="tests.test_10_nsm_carbon_calculations" name="test_changed_light_limitation_option" time="0.282" /><testcase classname="tests.test_10_nsm_carbon_calculations" name="test_changed_fcom" time="0.260" /><testcase classname="tests.test_10_nsm_carbon_calculations" name="test_changed_Fb" time="0.260" /><testcase classname="tests.test_10_nsm_carbon_calculations" name="test_changed_Fw" time="0.263" /><testcase classname="tests.test_10_nsm_carbon_calculations" name="test_changed_kpoc_20" time="0.261" /><testcase classname="tests.test_10_nsm_carbon_calculations" name="test_changed_kdoc_20" time="0.262" /><testcase classname="tests.test_10_nsm_carbon_calculations" name="test_changed_SOD_20" time="0.263" /><testcase classname="tests.test_10_nsm_carbon_calculations" name="test_changed_kdp_20" time="0.263" /><testcase classname="tests.test_10_nsm_carbon_calculations" name="test_changed_kdb_20" time="0.279" /><testcase classname="tests.test_10_nsm_carbon_calculations" name="test_changed_kbod_20" time="0.260"><skipped type="pytest.xfail" message="Known issue with kbod 20 test TBA." /></testcase><testcase classname="tests.test_10_nsm_carbon_calculations" name="test_changed_kah_20_user" time="0.262" /><testcase classname="tests.test_10_nsm_carbon_calculations" name="test_changed_kaw_20_user" time="0.261" /><testcase classname="tests.test_10_nsm_carbon_calculations" name="test_changed_krp_20" time="0.259" /><testcase classname="tests.test_10_nsm_carbon_calculations" name="test_changed_krb_20" time="0.260" /><testcase classname="tests.test_10_nsm_carbon_calculations" name="test_changed_AWa" time="0.258" /><testcase classname="tests.test_10_nsm_carbon_calculations" name="test_changed_AWc" time="0.260" /><testcase classname="tests.test_10_nsm_carbon_calculations" name="test_changed_AWd" time="0.264" /><testcase classname="tests.test_10_nsm_carbon_calculations" name="test_changed_AWp" time="0.278" /><testcase classname="tests.test_10_nsm_carbon_calculations" name="test_changed_AWn" time="0.260" /><testcase classname="tests.test_10_nsm_carbon_calculations" name="test_changed_BWd" time="0.264" /><testcase classname="tests.test_10_nsm_carbon_calculations" name="test_changed_BWc" time="0.262" /><testcase classname="tests.test_10_nsm_carbon_calculations" name="test_changed_BWn" time="0.263" /><testcase classname="tests.test_10_nsm_carbon_calculations" name="test_changed_BWp" time="0.263" /><testcase classname="tests.test_10_nsm_carbon_calculations" name="test_changed_BWa" time="0.264" /><testcase classname="tests.test_10_nsm_carbon_calculations" name="test_changed_q_solar" time="0.263" /><testcase classname="tests.test_10_nsm_carbon_calculations" name="test_changed_mu_max_20" time="0.278" /><testcase classname="tests.test_10_nsm_carbon_calculations" name="test_changed_mub_max_20" time="0.263" /><testcase classname="tests.test_10_nsm_carbon_calculations" name="test_changed_lambda0" time="0.262" /><testcase classname="tests.test_10_nsm_carbon_calculations" name="test_changed_lambda1" time="0.263" /><testcase classname="tests.test_10_nsm_carbon_calculations" name="test_changed_lambda2" time="0.264" /><testcase classname="tests.test_10_nsm_carbon_calculations" name="test_changed_lambdam" time="0.263" /><testcase classname="tests.test_10_nsm_carbon_calculations" name="test_changed_Ksb" time="0.264" /><testcase classname="tests.test_10_nsm_carbon_calculations" name="test_changed_KsOxbod" time="0.262" /><testcase classname="tests.test_10_nsm_carbon_calculations" name="test_changed_KLb" time="0.261" /><testcase classname="tests.test_10_nsm_carbon_calculations" name="test_changed_KsNb" time="0.281" /><testcase classname="tests.test_10_nsm_carbon_calculations" name="test_changed_KsPb" time="0.263" /><testcase classname="tests.test_10_nsm_carbon_calculations" name="test_changed_KL" time="0.263" /><testcase classname="tests.test_10_nsm_carbon_calculations" name="test_changed_KsN" time="0.260" /><testcase classname="tests.test_10_nsm_carbon_calculations" name="test_changed_KsP" time="0.263" /><testcase classname="tests.test_10_nsm_carbon_calculations" name="test_changed_KsSOD" time="0.262" /><testcase classname="tests.test_10_nsm_carbon_calculations" name="test_changed_kpoc_theta" time="0.262" /><testcase classname="tests.test_10_nsm_carbon_calculations" name="test_changed_kdoc_theta" time="0.262" /><testcase classname="tests.test_10_nsm_carbon_calculations" name="test_changed_SOD_theta" time="0.263" /><testcase classname="tests.test_10_nsm_carbon_calculations" name="test_changed_kdp_theta" time="0.280" /><testcase classname="tests.test_10_nsm_carbon_calculations" name="test_changed_kdb_theta" time="0.263" /><testcase classname="tests.test_10_nsm_carbon_calculations" name="test_changed_kbod_theta" time="0.261" /><testcase classname="tests.test_10_nsm_carbon_calculations" name="test_changed_kah_theta" time="0.264" /><testcase classname="tests.test_10_nsm_carbon_calculations" name="test_changed_kaw_theta" time="0.265" /><testcase classname="tests.test_10_nsm_carbon_calculations" name="test_changed_krp_theta" time="0.263" /><testcase classname="tests.test_10_nsm_carbon_calculations" name="test_changed_krb_theta" time="0.264" /><testcase classname="tests.test_10_nsm_carbon_calculations" name="test_changed_mu_max_theta" time="0.264" /><testcase classname="tests.test_10_nsm_carbon_calculations" name="test_changed_mub_max_theta" time="0.283" /><testcase classname="tests.test_11_nsm_DOX_calculations" name="test_defaults" time="0.263" /><testcase classname="tests.test_11_nsm_DOX_calculations" name="test_changed_Ap" time="0.261" /><testcase classname="tests.test_11_nsm_DOX_calculations" name="test_changed_Ab" time="0.259" /><testcase classname="tests.test_11_nsm_DOX_calculations" name="test_changed_TIP" time="0.259" /><testcase classname="tests.test_11_nsm_DOX_calculations" name="test_changed_CBOD" time="0.262" /><testcase classname="tests.test_11_nsm_DOX_calculations" name="test_changed_DOC" time="0.263" /><testcase classname="tests.test_11_nsm_DOX_calculations" name="test_changed_DOX" time="0.261" /><testcase classname="tests.test_11_nsm_DOX_calculations" name="test_changed_NO3" time="0.262" /><testcase classname="tests.test_11_nsm_DOX_calculations" name="test_changed_NH4" time="0.277" /><testcase classname="tests.test_11_nsm_DOX_calculations" name="test_changed_TwaterC" time="0.261" /><testcase classname="tests.test_11_nsm_DOX_calculations" name="test_changed_pressure_mb" time="0.262" /><testcase classname="tests.test_11_nsm_DOX_calculations" name="test_changed_PN" time="0.258" /><testcase classname="tests.test_11_nsm_DOX_calculations" name="test_changed_PNb" time="0.258" /><testcase classname="tests.test_11_nsm_DOX_calculations" name="test_changed_knit_20" time="0.262" /><testcase classname="tests.test_11_nsm_DOX_calculations" name="test_changed_kdoc_20" time="0.260" /><testcase classname="tests.test_11_nsm_DOX_calculations" name="test_changed_KsOxmc" time="0.260" /><testcase classname="tests.test_11_nsm_DOX_calculations" name="test_changed_KsOxbod" time="0.265" /><testcase classname="tests.test_11_nsm_DOX_calculations" name="test_changed_kbod_20" time="0.276" /><testcase classname="tests.test_11_nsm_DOX_calculations" name="test_changed_kah_20_user" time="0.261" /><testcase classname="tests.test_11_nsm_DOX_calculations" name="test_changed_kaw_20_user" time="0.261" /><testcase classname="tests.test_11_nsm_DOX_calculations" name="test_changed_depth" time="0.268" /><testcase classname="tests.test_11_nsm_DOX_calculations" name="test_changed_SOD_20" time="0.259" /><testcase classname="tests.test_11_nsm_DOX_calculations" name="test_changed_lambda0" time="0.261" /><testcase classname="tests.test_11_nsm_DOX_calculations" name="test_changed_lambda1" time="0.261" /><testcase classname="tests.test_11_nsm_DOX_calculations" name="test_changed_lambda2" time="0.263" /><testcase classname="tests.test_11_nsm_DOX_calculations" name="test_changed_mu_max_20" time="0.278" /><testcase classname="tests.test_11_nsm_DOX_calculations" name="test_changed_mub_max_20" time="0.263" /><testcase classname="tests.test_11_nsm_DOX_calculations" name="test_changed_light_limitation_option" time="0.263" /><testcase classname="tests.test_11_nsm_DOX_calculations" name="test_changed_b_light_limitation_option" time="0.260" /><testcase classname="tests.test_11_nsm_DOX_calculations" name="test_changed_AWa" time="0.257" /><testcase classname="tests.test_11_nsm_DOX_calculations" name="test_changed_AWc" time="0.261" /><testcase classname="tests.test_11_nsm_DOX_calculations" name="test_changed_AWd" time="0.258" /><testcase classname="tests.test_11_nsm_DOX_calculations" name="test_changed_AWp" time="0.260" /><testcase classname="tests.test_11_nsm_DOX_calculations" name="test_changed_AWn" time="0.265" /><testcase classname="tests.test_11_nsm_DOX_calculations" name="test_changed_BWd" time="0.276" /><testcase classname="tests.test_11_nsm_DOX_calculations" name="test_changed_BWc" time="0.262" /><testcase classname="tests.test_11_nsm_DOX_calculations" name="test_changed_BWn" time="0.261" /><testcase classname="tests.test_11_nsm_DOX_calculations" name="test_changed_BWp" time="0.259" /><testcase classname="tests.test_11_nsm_DOX_calculations" name="test_changed_BWa" time="0.259" /><testcase classname="tests.test_11_nsm_DOX_calculations" name="test_changed_q_solar" time="0.267" /><testcase classname="tests.test_11_nsm_DOX_calculations" name="test_changed_KL" time="0.260" /><testcase classname="tests.test_11_nsm_DOX_calculations" name="test_changed_KsN" time="0.260" /><testcase classname="tests.test_11_nsm_DOX_calculations" name="test_changed_KsP" time="0.279" /><testcase classname="tests.test_11_nsm_DOX_calculations" name="test_changed_KLb" time="0.260" /><testcase classname="tests.test_11_nsm_DOX_calculations" name="test_changed_KsNb" time="0.258" /><testcase classname="tests.test_11_nsm_DOX_calculations" name="test_changed_KsPb" time="0.260" /><testcase classname="tests.test_11_nsm_DOX_calculations" name="test_changed_Ksb" time="0.262" /><testcase classname="tests.test_11_nsm_DOX_calculations" name="test_changed_Fb" time="0.266" /><testcase classname="tests.test_11_nsm_DOX_calculations" name="test_changed_krp_20" time="0.260" /><testcase classname="tests.test_11_nsm_DOX_calculations" name="test_changed_krb_20" time="0.259" /><testcase classname="tests.test_11_nsm_DOX_calculations" name="test_changed_KsSOD" time="0.261" /><testcase classname="tests.test_11_nsm_DOX_calculations" name="test_changed_knit_theta" time="0.282" /><testcase classname="tests.test_11_nsm_DOX_calculations" name="test_changed_kdoc_theta" time="0.264" /><testcase classname="tests.test_11_nsm_DOX_calculations" name="test_changed_kbod_theta" time="0.263" /><testcase classname="tests.test_11_nsm_DOX_calculations" name="test_changed_kah_theta" time="0.261" /><testcase classname="tests.test_11_nsm_DOX_calculations" name="test_changed_kaw_theta" time="0.262" /><testcase classname="tests.test_11_nsm_DOX_calculations" name="test_changed_SOD_theta" time="0.262" /><testcase classname="tests.test_11_nsm_DOX_calculations" name="test_changed_mu_max_theta" time="0.261" /><testcase classname="tests.test_11_nsm_DOX_calculations" name="test_changed_mub_max_theta" time="0.262" /><testcase classname="tests.test_11_nsm_DOX_calculations" name="test_changed_krp_theta" time="0.264" /><testcase classname="tests.test_11_nsm_DOX_calculations" name="test_changed_krb_theta" time="0.276" /><testcase classname="tests.test_12_nsm_alkalinity_calculations" name="test_defaults" time="0.264" /><testcase classname="tests.test_12_nsm_alkalinity_calculations" name="test_changed_Ap" time="0.259" /><testcase classname="tests.test_12_nsm_alkalinity_calculations" name="test_changed_Ab" time="0.261" /><testcase classname="tests.test_12_nsm_alkalinity_calculations" name="test_changed_Alk" time="0.259" /><testcase classname="tests.test_12_nsm_alkalinity_calculations" name="test_changed_NH4" time="0.260" /><testcase classname="tests.test_12_nsm_alkalinity_calculations" name="test_changed_TIP" time="0.269" /><testcase classname="tests.test_12_nsm_alkalinity_calculations" name="test_changed_DOX" time="0.267" /><testcase classname="tests.test_12_nsm_alkalinity_calculations" name="test_changed_NO3" time="0.280" /><testcase classname="tests.test_12_nsm_alkalinity_calculations" name="test_changed_TwaterC" time="0.259" /><testcase classname="tests.test_12_nsm_alkalinity_calculations" name="test_changed_q_solar" time="0.259" /><testcase classname="tests.test_12_nsm_alkalinity_calculations" name="test_changed_KL" time="0.259" /><testcase classname="tests.test_12_nsm_alkalinity_calculations" name="test_changed_KLb" time="0.258" /><testcase classname="tests.test_12_nsm_alkalinity_calculations" name="test_changed_lambda0" time="0.259" /><testcase classname="tests.test_12_nsm_alkalinity_calculations" name="test_changed_lambda1" time="0.271" /><testcase classname="tests.test_12_nsm_alkalinity_calculations" name="test_changed_lambda2" time="0.264" /><testcase classname="tests.test_12_nsm_alkalinity_calculations" name="test_changed_KsN" time="0.270" /><testcase classname="tests.test_12_nsm_alkalinity_calculations" name="test_changed_KsP" time="0.279" /><testcase classname="tests.test_12_nsm_alkalinity_calculations" name="test_changed_KsNb" time="0.261" /><testcase classname="tests.test_12_nsm_alkalinity_calculations" name="test_changed_KsPb" time="0.263" /><testcase classname="tests.test_12_nsm_alkalinity_calculations" name="test_changed_light_limitation_option" time="0.263" /><testcase classname="tests.test_12_nsm_alkalinity_calculations" name="test_changed_b_light_limitation_option" time="0.264" /><testcase classname="tests.test_12_nsm_alkalinity_calculations" name="test_changed_Fb" time="0.261" /><testcase classname="tests.test_12_nsm_alkalinity_calculations" name="test_changed_Ksb" time="0.262" /><testcase classname="tests.test_12_nsm_alkalinity_calculations" name="test_changed_AWa" time="0.260" /><testcase classname="tests.test_12_nsm_alkalinity_calculations" name="test_changed_AWc" time="0.296" /><testcase classname="tests.test_12_nsm_alkalinity_calculations" name="test_changed_AWd" time="0.264" /><testcase classname="tests.test_12_nsm_alkalinity_calculations" name="test_changed_AWp" time="0.261" /><testcase classname="tests.test_12_nsm_alkalinity_calculations" name="test_changed_AWn" time="0.263" /><testcase classname="tests.test_12_nsm_alkalinity_calculations" name="test_changed_BWd" time="0.258" /><testcase classname="tests.test_12_nsm_alkalinity_calculations" name="test_changed_BWc" time="0.264" /><testcase classname="tests.test_12_nsm_alkalinity_calculations" name="test_changed_BWn" time="0.261" /><testcase classname="tests.test_12_nsm_alkalinity_calculations" name="test_changed_BWp" time="0.262" /><testcase classname="tests.test_12_nsm_alkalinity_calculations" name="test_changed_BWa" time="0.277" /><testcase classname="tests.test_12_nsm_alkalinity_calculations" name="test_changed_depth" time="0.277" /><testcase classname="tests.test_12_nsm_alkalinity_calculations" name="test_changed_mu_max_20" time="0.260" /><testcase classname="tests.test_12_nsm_alkalinity_calculations" name="test_changed_mub_max_20" time="0.262" /><testcase classname="tests.test_12_nsm_alkalinity_calculations" name="test_changed_PN" time="0.262" /><testcase classname="tests.test_12_nsm_alkalinity_calculations" name="test_changed_PNb" time="0.262" /><testcase classname="tests.test_12_nsm_alkalinity_calculations" name="test_changed_knit_20" time="0.263" /><testcase classname="tests.test_12_nsm_alkalinity_calculations" name="test_changed_KsOxdn" time="0.262" /><testcase classname="tests.test_12_nsm_alkalinity_calculations" name="test_changed_kdnit_20" time="0.272" /><testcase classname="tests.test_12_nsm_alkalinity_calculations" name="test_changed_krp_20" time="0.267" /><testcase classname="tests.test_12_nsm_alkalinity_calculations" name="test_changed_krb_20" time="0.282" /><testcase classname="tests.test_12_nsm_alkalinity_calculations" name="test_changed_knit_theta" time="0.266" /><testcase classname="tests.test_12_nsm_alkalinity_calculations" name="test_changed_kdnit_theta" time="0.275" /><testcase classname="tests.test_12_nsm_alkalinity_calculations" name="test_changed_mu_max_theta" time="0.260" /><testcase classname="tests.test_12_nsm_alkalinity_calculations" name="test_changed_mub_max_theta" time="0.266" /><testcase classname="tests.test_12_nsm_alkalinity_calculations" name="test_changed_krp_theta" time="0.263" /><testcase classname="tests.test_12_nsm_alkalinity_calculations" name="test_changed_krb_theta" time="0.263" /><testcase classname="tests.test_13_nsm_CBOD_calculations" name="test_defaults" time="0.276" /><testcase classname="tests.test_13_nsm_CBOD_calculations" name="test_changed_DOX" time="0.282" /><testcase classname="tests.test_13_nsm_CBOD_calculations" name="test_changed_CBOD" time="0.263" /><testcase classname="tests.test_13_nsm_CBOD_calculations" name="test_changed_TwaterC" time="0.258" /><testcase classname="tests.test_13_nsm_CBOD_calculations" name="test_changed_kbod_20" time="0.270"><skipped type="pytest.xfail" message="Known issue with kbod 20 test TBA." /></testcase><testcase classname="tests.test_13_nsm_CBOD_calculations" name="test_changed_ksbod_20" time="0.258" /><testcase classname="tests.test_13_nsm_CBOD_calculations" name="test_changed_KsOxbod" time="0.256" /><testcase classname="tests.test_13_nsm_CBOD_calculations" name="test_changed_use_DOX" time="0.277" /><testcase classname="tests.test_13_nsm_CBOD_calculations" name="test_changed_kbod_theta" time="0.261" /><testcase classname="tests.test_13_nsm_CBOD_calculations" name="test_changed_ksbod_theta" time="0.265" /><testcase classname="tests.test_14_nsm_phosphrous_calculations" name="test_defaults" time="0.287" /><testcase classname="tests.test_14_nsm_phosphrous_calculations" name="test_change_kop" time="0.259" /><testcase classname="tests.test_14_nsm_phosphrous_calculations" name="test_change_rpo4" time="0.270" /><testcase classname="tests.test_14_nsm_phosphrous_calculations" name="test_change_use_OrgP" time="0.265" /><testcase classname="tests.test_14_nsm_phosphrous_calculations" name="test_change_use_TIP" time="0.263" /><testcase classname="tests.test_14_nsm_phosphrous_calculations" name="test_change_use_algae" time="0.263" /><testcase classname="tests.test_14_nsm_phosphrous_calculations" name="test_change_use_Balgae" time="0.263" /><testcase classname="tests.test_14_nsm_phosphrous_calculations" name="test_change_vsop" time="0.260" /><testcase classname="tests.test_14_nsm_phosphrous_calculations" name="test_change_TIP" time="0.260" /><testcase classname="tests.test_14_nsm_phosphrous_calculations" name="test_change_OrgP" time="0.279" /><testcase classname="tests.test_14_nsm_phosphrous_calculations" name="test_change_depth" time="0.273" /><testcase classname="tests.test_14_nsm_phosphrous_calculations" name="test_change_TwaterC" time="0.284" /><testcase classname="tests.test_14_nsm_phosphrous_calculations" name="test_change_Ap" time="0.266" /><testcase classname="tests.test_14_nsm_phosphrous_calculations" name="test_change_Fw" time="0.270" /><testcase classname="tests.test_14_nsm_phosphrous_calculations" name="test_change_Fb" time="0.266" /><testcase classname="tests.test_15_nsm_POM_calculations" name="test_defaults" time="0.266" /><testcase classname="tests.test_15_nsm_POM_calculations" name="test_kpom_20" time="0.265" /><testcase classname="tests.test_15_nsm_POM_calculations" name="test_TwaterC" time="0.290" /><testcase classname="tests.test_15_nsm_POM_calculations" name="test_vb" time="0.275" /><testcase classname="tests.test_15_nsm_POM_calculations" name="test_h2" time="0.266" /><testcase classname="tests.test_15_nsm_POM_calculations" name="test_vsap" time="0.271" /><testcase classname="tests.test_15_nsm_POM_calculations" name="test_Ap" time="0.276" /><testcase classname="tests.test_15_nsm_POM_calculations" name="test_Fb" time="0.268" /><testcase classname="tests.test_15_nsm_POM_calculations" name="test_Fw" time="0.274" /><testcase classname="tests.test_15_nsm_POM_calculations" name="test_vsoc" time="0.267" /><testcase classname="tests.test_15_nsm_POM_calculations" name="test_POC" time="0.261" /><testcase classname="tests.test_15_nsm_POM_calculations" name="test_fcom" time="0.277" /><testcase classname="tests.test_15_nsm_POM_calculations" name="test_POM" time="0.265" /><testcase classname="tests.test_15_nsm_POM_calculations" name="test_use_Algae" time="0.270" /><testcase classname="tests.test_15_nsm_POM_calculations" name="test_use_Balgae" time="0.260" /><testcase classname="tests.test_15_nsm_POM_calculations" name="test_use_POC" time="0.261" /><testcase classname="tests.test_16_nsm_PX_calculations" name="test_defaults" time="0.270" /><testcase classname="tests.test_16_nsm_PX_calculations" name="test_kdx_20" time="0.288" /><testcase classname="tests.test_16_nsm_PX_calculations" name="test_TwaterC" time="0.261" /><testcase classname="tests.test_16_nsm_PX_calculations" name="test_apx" time="0.269" /><testcase classname="tests.test_16_nsm_PX_calculations" name="test_vx" time="0.291" /><testcase classname="tests.test_16_nsm_PX_calculations" name="test_PX" time="0.258" /><testcase classname="tests.test_16_nsm_PX_calculations" name="test_depth" time="0.268" /><testcase classname="tests.test_16_nsm_PX_calculations" name="test_q_solar" time="0.270" /><testcase classname="tests.test_16_nsm_PX_calculations" name="test_use_Algae" time="0.272" /><testcase classname="tests.test_17_nsm_N2_calculations" name="test_defaults" time="0.264" /><testcase classname="tests.test_17_nsm_N2_calculations" name="test_N2" time="0.264" /><testcase classname="tests.test_17_nsm_N2_calculations" name="test_DOX" time="0.272" /><testcase classname="tests.test_17_nsm_N2_calculations" name="test_use_DOX" time="0.282" /><testcase classname="tests.test_17_nsm_N2_calculations" name="test_pressure_atm" time="0.280" /><testcase classname="tests.test_17_nsm_N2_calculations" name="test_TwaterC" time="0.256" /><testcase classname="tests.test_17_nsm_N2_calculations" name="test_Salinity" time="0.257" /><testcase classname="tests.test_17_nsm_N2_calculations" name="test_kah" time="0.269" /><testcase classname="tests.test_17_nsm_N2_calculations" name="test_kaw" time="0.260" /><testcase classname="tests.test_17_nsm_N2_calculations" name="test_wr_2_hr_2" time="0.257" /><testcase classname="tests.test_17_nsm_N2_calculations" name="test_wr_3_hr_3" time="0.272" /><testcase classname="tests.test_17_nsm_N2_calculations" name="test_wr_4_hr_4" time="0.273" /><testcase classname="tests.test_17_nsm_N2_calculations" name="test_wr_5_hr_5" time="0.283" /><testcase classname="tests.test_17_nsm_N2_calculations" name="test_wr_6_hr_6" time="0.259" /><testcase classname="tests.test_17_nsm_N2_calculations" name="test_wr_7_hr_7" time="0.262" /><testcase classname="tests.test_17_nsm_N2_calculations" name="test_wr_8_hr_8" time="0.275" /><testcase classname="tests.test_17_nsm_N2_calculations" name="test_wr_9_hr_9" time="0.281" /><testcase classname="tests.test_17_nsm_N2_calculations" name="test_wr_10_hr_5_depth" time="0.261" /><testcase classname="tests.test_17_nsm_N2_calculations" name="test_wr_11_hr_6_depth" time="0.258" /><testcase classname="tests.test_17_nsm_N2_calculations" name="test_wr_12_hr_7_depth" time="0.281" /><testcase classname="tests.test_17_nsm_N2_calculations" name="test_wr_13_hr_8_depth" time="0.275" /><testcase classname="tests.test_17_nsm_N2_calculations" name="test_wr_7_hr_2_wind_speed" time="0.276" /><testcase classname="tests.test_17_nsm_N2_calculations" name="test_wr_9_hr_3_wind_speed" time="0.264" /><testcase classname="tests.test_17_nsm_N2_calculations" name="test_wr_13_hr_4_wind_speed" time="0.273" /><testcase classname="tests.test_17_nsm_N2_calculations" name="test_wr_2_hr_2_velocity" time="0.265" /><testcase classname="tests.test_17_nsm_N2_calculations" name="test_wr_3_hr_6_flow" time="0.267" /><testcase classname="tests.test_17_nsm_N2_calculations" name="test_wr_4_hr_7_slope" time="0.282" /><testcase classname="tests.test_17_nsm_N2_calculations" name="test_wr_5_hr_7_topwidth" time="0.267" /><testcase classname="tests.test_17_nsm_N2_calculations" name="test_wr_6_hr_6_wind_speed" time="0.273" /><testcase classname="tests.test_17_nsm_N2_calculations" name="test_wr_7_hr_9_shear_velocity" time="0.297" /><testcase classname="tests.test_1_imports" name="test_sub_modules" time="0.000" /><testcase classname="tests.test_2_equation_sort" name="test_split_variables" time="0.000" /><testcase classname="tests.test_2_equation_sort" name="test_get_process_args" time="0.000" /><testcase classname="tests.test_2_equation_sort" name="test_sort_variables" time="0.000" /><testcase classname="tests.test_3_model" name="test_model_static_variables" time="0.002" /><testcase classname="tests.test_3_model" name="test_model_dynamic_variables" time="0.001" /><testcase classname="tests.test_3_model" name="test_model_state_variables" time="0.001" /><testcase classname="tests.test_3_model" name="test_initial_state" time="0.001" /><testcase classname="tests.test_3_model" name="test_static_array" time="0.001" /><testcase classname="tests.test_3_model" name="test_state_array" time="0.001" /><testcase classname="tests.test_3_model" name="test_variable_compution_order" time="0.001" /><testcase classname="tests.test_3_model" name="test_computation_with_dynamics" time="0.002" /><testcase classname="tests.test_3_model" name="test_computation_no_dynamics" time="0.002" /><testcase classname="tests.test_3_model" name="test_static_variable_dims" time="0.001" /><testcase classname="tests.test_3_model" name="test_variable_attributes" time="0.001" /><testcase classname="tests.test_3_model" name="test_model_hotstart" time="0.003" /><testcase classname="tests.test_3_model" name="test_model_update_state" time="0.004" /><testcase classname="tests.test_4_tsm_module" name="test_tsm_specific_attributes" time="0.019" /><testcase classname="tests.test_4_tsm_module" name="test_tsm_variable_sorting" time="0.000" /><testcase classname="tests.test_4_tsm_module" name="test_tsm_timestep" time="0.227" /><testcase classname="tests.test_4_tsm_module" name="test_use_sed_temp" time="0.019" /><testcase classname="tests.test_5_tsm_calculations" name="test_defaults" time="0.021" /><testcase classname="tests.test_5_tsm_calculations" name="test_changed_water_temp_c" time="0.021" /><testcase classname="tests.test_5_tsm_calculations" name="test_changed_surface_area" time="0.021" /><testcase classname="tests.test_5_tsm_calculations" name="test_changed_volume" time="0.021" /><testcase classname="tests.test_5_tsm_calculations" name="test_changed_air_temp_c" time="0.021" /><testcase classname="tests.test_5_tsm_calculations" name="test_changed_sed_temp_c" time="0.021" /><testcase classname="tests.test_5_tsm_calculations" name="test_changed_q_solar" time="0.021" /><testcase classname="tests.test_5_tsm_calculations" name="test_changed_wind_kh_kw" time="0.021" /><testcase classname="tests.test_5_tsm_calculations" name="test_changed_eair_mb" time="0.021" /><testcase classname="tests.test_5_tsm_calculations" name="test_changed_pressure_mb" time="0.021" /><testcase classname="tests.test_5_tsm_calculations" name="test_changed_cloudiness" time="0.021" /><testcase classname="tests.test_5_tsm_calculations" name="test_changed_wind_a" time="0.021" /><testcase classname="tests.test_5_tsm_calculations" name="test_changed_wind_b" time="0.021" /><testcase classname="tests.test_5_tsm_calculations" name="test_changed_wind_c" time="0.021" /><testcase classname="tests.test_5_tsm_calculations" name="test_use_sed_temp" time="0.021" /><testcase classname="tests.test_6_nsm_module" name="test_nsm1_specific_attributes" time="0.236" /><testcase classname="tests.test_6_nsm_module" name="test_nsm1_variable_sorting" time="0.001" /><testcase classname="tests.test_6_nsm_module" name="test_nsm1_timestep" time="0.033" /><testcase classname="tests.test_7_nsm_algae_calculations" name="test_defaults" time="0.279" /><testcase classname="tests.test_7_nsm_algae_calculations" name="test_changed_Ap" time="0.266" /><testcase classname="tests.test_7_nsm_algae_calculations" name="test_changed_NH4" time="0.282" /><testcase classname="tests.test_7_nsm_algae_calculations" name="test_changed_KL" time="0.301" /><testcase classname="tests.test_7_nsm_algae_calculations" name="test_changed_KsN" time="0.278" /><testcase classname="tests.test_7_nsm_algae_calculations" name="test_changed_KsP" time="0.262" /><testcase classname="tests.test_7_nsm_algae_calculations" name="test_changed_mu_max" time="0.269" /><testcase classname="tests.test_7_nsm_algae_calculations" name="test_changed_kdp" time="0.267" /><testcase classname="tests.test_7_nsm_algae_calculations" name="test_changed_krp" time="0.266" /><testcase classname="tests.test_7_nsm_algae_calculations" name="test_changed_vsap" time="0.265" /><testcase classname="tests.test_7_nsm_algae_calculations" name="test_changed_NO3" time="0.270" /><testcase classname="tests.test_7_nsm_algae_calculations" name="test_changed_TIP" time="0.277" /><testcase classname="tests.test_7_nsm_algae_calculations" name="test_changed_TwaterC" time="0.260" /><testcase classname="tests.test_7_nsm_algae_calculations" name="test_changed_depth" time="0.263" /><testcase classname="tests.test_7_nsm_algae_calculations" name="test_changed_q_solar" time="0.000" /><testcase classname="tests.test_7_nsm_algae_calculations" name="test_changed_Fr_PAR" time="0.281" /><testcase classname="tests.test_7_nsm_algae_calculations" name="test_changed_use_NH4" time="0.268" /><testcase classname="tests.test_7_nsm_algae_calculations" name="test_changed_use_NO3" time="0.259" /><testcase classname="tests.test_7_nsm_algae_calculations" name="test_changed_use_TIP" time="0.277" /><testcase classname="tests.test_7_nsm_algae_calculations" name="test_changed_g2_l1" time="0.261" /><testcase classname="tests.test_7_nsm_algae_calculations" name="test_changed_g3_l1" time="0.270" /><testcase classname="tests.test_7_nsm_algae_calculations" name="test_changed_g1_l2" time="0.274" /><testcase classname="tests.test_7_nsm_algae_calculations" name="test_changed_g2_l2" time="0.264" /><testcase classname="tests.test_7_nsm_algae_calculations" name="test_changed_g3_l2" time="0.266" /><testcase classname="tests.test_7_nsm_algae_calculations" name="test_changed_g1_l3" time="0.306" /><testcase classname="tests.test_7_nsm_algae_calculations" name="test_changed_lambda0" time="0.264" /><testcase classname="tests.test_7_nsm_algae_calculations" name="test_changed_lambda1" time="0.266" /><testcase classname="tests.test_7_nsm_algae_calculations" name="test_changed_lambda2" time="0.260" /><testcase classname="tests.test_7_nsm_algae_calculations" name="test_changed_lambdam" time="0.276" /><testcase classname="tests.test_7_nsm_algae_calculations" name="test_changed_use_POC" time="0.275" /><testcase classname="tests.test_7_nsm_algae_calculations" name="test_changed_POC" time="0.266" /><testcase classname="tests.test_7_nsm_algae_calculations" name="test_changed_fcom" time="0.275" /><testcase classname="tests.test_8_nsm_balgae_calculations" name="test_defaults" time="0.277" /><testcase classname="tests.test_8_nsm_balgae_calculations" name="test_changed_KLb" time="0.282" /><testcase classname="tests.test_8_nsm_balgae_calculations" name="test_changed_KsNb" time="0.271" /><testcase classname="tests.test_8_nsm_balgae_calculations" name="test_changed_KsPb" time="0.275" /><testcase classname="tests.test_8_nsm_balgae_calculations" name="test_changed_Ksb" time="0.273" /><testcase classname="tests.test_8_nsm_balgae_calculations" name="test_changed_mub_max" time="0.272" /><testcase classname="tests.test_8_nsm_balgae_calculations" name="test_changed_krb" time="0.268" /><testcase classname="tests.test_8_nsm_balgae_calculations" name="test_changed_kdb" time="0.267" /><testcase classname="tests.test_8_nsm_balgae_calculations" name="test_changed_Ab" time="0.268" /><testcase classname="tests.test_8_nsm_balgae_calculations" name="test_changed_NH4" time="0.269" /><testcase classname="tests.test_8_nsm_balgae_calculations" name="test_changed_NO3" time="0.289" /><testcase classname="tests.test_8_nsm_balgae_calculations" name="test_changed_TIP" time="0.275" /><testcase classname="tests.test_8_nsm_balgae_calculations" name="test_changed_TwaterC" time="0.269" /><testcase classname="tests.test_8_nsm_balgae_calculations" name="test_changed_depth" time="0.257" /><testcase classname="tests.test_8_nsm_balgae_calculations" name="test_changed_Ap" time="0.269" /><testcase classname="tests.test_8_nsm_balgae_calculations" name="test_changed_lambda0" time="0.265" /><testcase classname="tests.test_8_nsm_balgae_calculations" name="test_changed_lambda1" time="0.274" /><testcase classname="tests.test_8_nsm_balgae_calculations" name="test_changed_lambda2" time="0.274" /><testcase classname="tests.test_8_nsm_balgae_calculations" name="test_changed_lambdam" time="0.269" /><testcase classname="tests.test_8_nsm_balgae_calculations" name="test_changed_POC" time="0.279" /><testcase classname="tests.test_8_nsm_balgae_calculations" name="test_changed_fcom" time="0.288" /><testcase classname="tests.test_8_nsm_balgae_calculations" name="test_changed_use_algae" time="0.271" /><testcase classname="tests.test_8_nsm_balgae_calculations" name="test_changed_q_solar" time="0.286" /><testcase classname="tests.test_8_nsm_balgae_calculations" name="test_changed_use_TIP" time="0.266" /><testcase classname="tests.test_8_nsm_balgae_calculations" name="test_changed_use_POC" time="0.271" /><testcase classname="tests.test_8_nsm_balgae_calculations" name="test_changed_use_NH4" time="0.270" /><testcase classname="tests.test_8_nsm_balgae_calculations" name="test_changed_use_NO3" time="0.277" /><testcase classname="tests.test_8_nsm_balgae_calculations" name="test_changed_use_NO3_use_NH4" time="0.279" /><testcase classname="tests.test_8_nsm_balgae_calculations" name="test_changed_g2_l1" time="0.263" /><testcase classname="tests.test_8_nsm_balgae_calculations" name="test_changed_g1_l2" time="0.279" /><testcase classname="tests.test_8_nsm_balgae_calculations" name="test_changed_g2_l2" time="0.267" /><testcase classname="tests.test_8_nsm_balgae_calculations" name="test_changed_g1_l3" time="0.267" /><testcase classname="tests.test_8_nsm_balgae_calculations" name="test_changed_g2_l3" time="0.280" /><testcase classname="tests.test_9_nsm_nitrogen_calculations" name="test_defaults" time="0.269" /><testcase classname="tests.test_9_nsm_nitrogen_calculations" name="test_changed_knit" time="0.270" /><testcase classname="tests.test_9_nsm_nitrogen_calculations" name="test_changed_kon" time="0.263" /><testcase classname="tests.test_9_nsm_nitrogen_calculations" name="test_changed_kdnit" time="0.273" /><testcase classname="tests.test_9_nsm_nitrogen_calculations" name="test_changed_rnh4" time="0.266" /><testcase classname="tests.test_9_nsm_nitrogen_calculations" name="test_changed_rnh4_KsOxdn" time="0.284" /><testcase classname="tests.test_9_nsm_nitrogen_calculations" name="test_changed_vno3" time="0.269" /><testcase classname="tests.test_9_nsm_nitrogen_calculations" name="test_changed_depth" time="0.271" /><testcase classname="tests.test_9_nsm_nitrogen_calculations" name="test_changed_TwaterC" time="0.264" /><testcase classname="tests.test_9_nsm_nitrogen_calculations" name="test_changed_NH4" time="0.267" /><testcase classname="tests.test_9_nsm_nitrogen_calculations" name="test_changed_NO3" time="0.278" /><testcase classname="tests.test_9_nsm_nitrogen_calculations" name="test_changed_Ap" time="0.272" /><testcase classname="tests.test_9_nsm_nitrogen_calculations" name="test_changed_DOX" time="0.268" /><testcase classname="tests.test_9_nsm_nitrogen_calculations" name="test_changed_OrgN" time="0.276" /><testcase classname="tests.test_9_nsm_nitrogen_calculations" name="test_changed_use_NH4" time="0.278" /><testcase classname="tests.test_9_nsm_nitrogen_calculations" name="test_changed_use_NO3" time="0.284" /><testcase classname="tests.test_9_nsm_nitrogen_calculations" name="test_changed_use_OrgN" time="0.277" /><testcase classname="tests.test_9_nsm_nitrogen_calculations" name="test_changed_use_DOX" time="0.271" /><testcase classname="tests.test_9_nsm_nitrogen_calculations" name="test_changed_use_Algae" time="0.292" /><testcase classname="tests.test_9_nsm_nitrogen_calculations" name="test_changed_use_Balgae" time="0.273" /><testcase classname="tests.test_9_nsm_nitrogen_calculations" name="test_changed_PN" time="0.274" /><testcase classname="tests.test_9_nsm_nitrogen_calculations" name="test_changed_PNb" time="0.266" /><testcase classname="tests.test_9_nsm_nitrogen_calculations" name="test_changed_Fw" time="0.285" /><testcase classname="tests.test_9_nsm_nitrogen_calculations" name="test_changed_Fb" time="0.274" /><testcase classname="tests.test_9_nsm_nitrogen_calculations" name="test_changed_use_Algae_use_Balgae" time="0.292" /><testcase classname="tests.test_9_nsm_nitrogen_calculations" name="test_changed_use_Algae_use_NH4" time="0.279" /><testcase classname="tests.test_9_nsm_nitrogen_calculations" name="test_changed_use_Algae_use_NH4_use_NO3" time="0.278" /><testcase classname="tests.test_hotstart_roundtrip" name="test_tsm_hotstart_roundtrip" time="0.181" /><testcase classname="tests.test_hotstart_roundtrip" name="test_nsm1_hotstart_roundtrip" time="1.901" /><testcase classname="tests.test_hotstart_roundtrip" name="test_tsm_hotstart_kwargs_accepted" time="0.068" /><testcase classname="tests.test_hotstart_roundtrip" name="test_nsm1_hotstart_kwargs_accepted" time="0.759" /><testcase classname="tests.test_tsm_latent_heat" name="test_lv_matches_reference_at_known_temps[0.0-2500900.0]" time="0.000" /><testcase classname="tests.test_tsm_latent_heat" name="test_lv_matches_reference_at_known_temps[10.0-2477300.0]" time="0.000" /><testcase classname="tests.test_tsm_latent_heat" name="test_lv_matches_reference_at_known_temps[20.0-2453500.0]" time="0.000" /><testcase classname="tests.test_tsm_latent_heat" name="test_lv_matches_reference_at_known_temps[25.0-2441700.0]" time="0.000" /><testcase classname="tests.test_tsm_latent_heat" name="test_lv_matches_reference_at_known_temps[30.0-2429800.0]" time="0.000" /><testcase classname="tests.test_tsm_latent_heat" name="test_lv_matches_reference_at_known_temps[100.0-2257000.0]" time="0.000" /><testcase classname="tests.test_tsm_latent_heat" name="test_lv_celsius_conversion_present" time="0.000" /><testcase classname="tests.test_tsm_latent_heat" name="test_lv_monotonic_decreasing_with_temperature" time="0.001" /><testcase classname="tests.test_tsm_latent_heat" name="test_lv_arraylike_input_works" time="0.000" /><testcase classname="tests.test_tsm_stability_ramp" name="test_t1_disabled_matches_legacy_arithmetic" time="0.001" /><testcase classname="tests.test_tsm_stability_ramp" name="test_t2_ramp_activates_on_shallow_cell" time="0.001" /><testcase classname="tests.test_tsm_stability_ramp" name="test_t3_ramp_inactive_on_deep_cell" time="0.001" /><testcase classname="tests.test_tsm_stability_ramp" name="test_t4_cap_activates_on_extreme_flux" time="0.001" /><testcase classname="tests.test_tsm_stability_ramp" name="test_t5_cap_disabled_passes_extreme_flux" time="0.001" /><testcase classname="tests.test_tsm_stability_ramp" name="test_t6_round_trip_with_tsm_kernel_mixed_depths" time="0.073" /><testcase classname="tests.unit.temperature.test_richardson" name="test_rnumber_zero" time="0.000" /><testcase classname="tests.unit.temperature.test_richardson" name="test_rnumber_zero_array" time="0.001" /><testcase classname="tests.v3.nsm1.test_alkalinity_ca1_regression" name="test_ca1_floating_growth_uses_intensive_ratio_not_raw_weight" time="0.001" /><testcase classname="tests.v3.nsm1.test_alkalinity_ca1_regression" name="test_ca1_benthic_growth_uses_intensive_ratio_not_raw_weight" time="0.001" /><testcase classname="tests.v3.nsm1.test_alkalinity_ca1_regression" name="test_ca1_synthetic_bloom_mass_conservation_no_silent_clip" time="0.147" /><testcase classname="tests.v3.nsm1.test_alkalinity_registry_diagnostics" name="test_g_diagnostics_written_when_pre_registered" time="1.639" /><testcase classname="tests.v3.nsm1.test_alkalinity_registry_diagnostics" name="test_g_diagnostics_skipped_when_not_pre_registered" time="3.226" /><testcase classname="tests.v3.nsm1.test_alkalinity_registry_diagnostics" name="test_g_state_bit_identical_with_and_without_diagnostics" time="3.136" /><testcase classname="tests.v3.nsm1.test_alkalinity_registry_diagnostics" name="test_g_diagnostics_attribute_caches_match_registry_writes" time="0.027" /><testcase classname="tests.v3.nsm1.test_alkalinity_registry_diagnostics" name="test_g_partial_subscription_writes_only_requested_names" time="0.027" /><testcase classname="tests.v3.nsm1.test_alkalinity_registry_diagnostics" name="test_g_legacy_attribute_aliases_remain_set" time="0.027" /><testcase classname="tests.v3.nsm1.test_alkalinity_scin1_regression" name="test_scin1_param_default_is_one_eq_per_mol_n" time="0.000" /><testcase classname="tests.v3.nsm1.test_alkalinity_scin1_regression" name="test_scin1_closed_system_one_eq_alkalinity_per_mol_n_denitrified" time="0.001" /><testcase classname="tests.v3.nsm1.test_alkalinity_tier1" name="test_tier1_alkalinity_conservation_closed_system_loss_disabled" time="0.002" /><testcase classname="tests.v3.nsm1.test_alkalinity_tier1" name="test_tier1_alk_with_nitrogen_zeroed_kinetics" time="0.321" /><testcase classname="tests.v3.nsm1.test_alkalinity_tier1" name="test_alkalinity_instantiates_with_defaults" time="0.000" /><testcase classname="tests.v3.nsm1.test_alkalinity_tier1" name="test_alkalinity_accepts_parameter_override" time="0.000" /><testcase classname="tests.v3.nsm1.test_alkalinity_v1_parity_v3" name="test_alk_nitrification_sink_matches_v1" time="0.001" /><testcase classname="tests.v3.nsm1.test_alkalinity_v1_parity_v3" name="test_alk_denitrification_source_matches_v1" time="0.001" /><testcase classname="tests.v3.nsm1.test_alkalinity_v1_parity_v3" name="test_alk_algal_growth_term_matches_v1" time="0.001" /><testcase classname="tests.v3.nsm1.test_alkalinity_v1_parity_v3" name="test_alk_algal_respiration_source_matches_v1" time="0.001" /><testcase classname="tests.v3.nsm1.test_appendix_a_completeness" name="test_process_registry_diagnostics_matches_appendix_a[FloatingAlgae]" time="0.000" /><testcase classname="tests.v3.nsm1.test_appendix_a_completeness" name="test_process_registry_diagnostics_matches_appendix_a[BenthicAlgae]" time="0.000" /><testcase classname="tests.v3.nsm1.test_appendix_a_completeness" name="test_process_registry_diagnostics_matches_appendix_a[Nitrogen]" time="0.000" /><testcase classname="tests.v3.nsm1.test_appendix_a_completeness" name="test_process_registry_diagnostics_matches_appendix_a[Phosphorus]" time="0.000" /><testcase classname="tests.v3.nsm1.test_appendix_a_completeness" name="test_process_registry_diagnostics_matches_appendix_a[Carbon]" time="0.000" /><testcase classname="tests.v3.nsm1.test_appendix_a_completeness" name="test_process_registry_diagnostics_matches_appendix_a[DOX]" time="0.000" /><testcase classname="tests.v3.nsm1.test_appendix_a_completeness" name="test_process_registry_diagnostics_matches_appendix_a[POM]" time="0.000" /><testcase classname="tests.v3.nsm1.test_appendix_a_completeness" name="test_process_registry_diagnostics_matches_appendix_a[CBOD]" time="0.000" /><testcase classname="tests.v3.nsm1.test_appendix_a_completeness" name="test_process_registry_diagnostics_matches_appendix_a[N2]" time="0.000" /><testcase classname="tests.v3.nsm1.test_appendix_a_completeness" name="test_process_registry_diagnostics_matches_appendix_a[Pathogen]" time="0.000" /><testcase classname="tests.v3.nsm1.test_appendix_a_completeness" name="test_process_registry_diagnostics_matches_appendix_a[Alkalinity]" time="0.000" /><testcase classname="tests.v3.nsm1.test_appendix_a_completeness" name="test_no_duplicate_names_across_processes" time="0.000" /><testcase classname="tests.v3.nsm1.test_appendix_a_completeness" name="test_appendix_a_catalog_covers_all_pattern_aligned_processes" time="0.000" /><testcase classname="tests.v3.nsm1.test_appendix_a_completeness" name="test_catalog_total_name_count_is_expected" time="0.000" /><testcase classname="tests.v3.nsm1.test_benthic_algae_registry_diagnostics" name="test_g_diagnostics_written_when_pre_registered" time="1.564" /><testcase classname="tests.v3.nsm1.test_benthic_algae_registry_diagnostics" name="test_g_diagnostics_skipped_when_not_pre_registered" time="3.139" /><testcase classname="tests.v3.nsm1.test_benthic_algae_registry_diagnostics" name="test_g_state_bit_identical_with_and_without_diagnostics" time="3.134" /><testcase classname="tests.v3.nsm1.test_benthic_algae_registry_diagnostics" name="test_g_diagnostics_attribute_caches_match_registry_writes" time="0.026" /><testcase classname="tests.v3.nsm1.test_benthic_algae_registry_diagnostics" name="test_g_partial_subscription_writes_only_requested_names" time="0.026" /><testcase classname="tests.v3.nsm1.test_benthic_algae_registry_diagnostics" name="test_g_pom_routing_cache_remains_set" time="0.026" /><testcase classname="tests.v3.nsm1.test_benthic_algae_v1_parity_v3" name="test_rate_respiration_matches_v1_AbRespiration" time="0.000" /><testcase classname="tests.v3.nsm1.test_benthic_algae_v1_parity_v3" name="test_rate_death_matches_v1_AbDeath" time="0.000" /><testcase classname="tests.v3.nsm1.test_benthic_algae_v1_parity_v3" name="test_limit_density_matches_v1_FSb" time="0.000" /><testcase classname="tests.v3.nsm1.test_benthic_algae_v1_parity_v3" name="test_rate_growth_multiplicative_matches_v1_mub_times_Ab" time="0.001" /><testcase classname="tests.v3.nsm1.test_benthic_algae_v1_parity_v3" name="test_phase9e_bwa_harmonized_to_wasp7_canonical" time="0.000" /><testcase classname="tests.v3.nsm1.test_carbon_registry_diagnostics" name="test_g_diagnostics_written_when_pre_registered" time="1.535" /><testcase classname="tests.v3.nsm1.test_carbon_registry_diagnostics" name="test_g_diagnostics_skipped_when_not_pre_registered" time="3.092" /><testcase classname="tests.v3.nsm1.test_carbon_registry_diagnostics" name="test_g_state_bit_identical_with_and_without_diagnostics" time="3.094" /><testcase classname="tests.v3.nsm1.test_carbon_registry_diagnostics" name="test_g_diagnostics_attribute_caches_match_registry_writes" time="0.026" /><testcase classname="tests.v3.nsm1.test_carbon_registry_diagnostics" name="test_g_partial_subscription_writes_only_requested_names" time="0.026" /><testcase classname="tests.v3.nsm1.test_carbon_tier1" name="test_tier1_carbon_conservation_closed_system_loss_disabled" time="0.349" /><testcase classname="tests.v3.nsm1.test_carbon_tier1" name="test_carbon_instantiates_from_defaults" time="0.000" /><testcase classname="tests.v3.nsm1.test_carbon_tier1" name="test_carbon_run_caches_doc_dic_oxidation_rate" time="0.004" /><testcase classname="tests.v3.nsm1.test_carbon_v1_parity_v3" name="test_poc_hydrolysis_matches_v1" time="0.004" /><testcase classname="tests.v3.nsm1.test_carbon_v1_parity_v3" name="test_poc_settling_matches_v1" time="0.004" /><testcase classname="tests.v3.nsm1.test_carbon_v1_parity_v3" name="test_doc_oxidation_matches_v1" time="0.004" /><testcase classname="tests.v3.nsm1.test_carbon_v1_parity_v3" name="test_dic_co2_reaeration_matches_v1" time="0.004" /><testcase classname="tests.v3.nsm1.test_carbon_v1_parity_v3" name="test_dic_algal_respiration_source_matches_fortran_anchored" time="0.004" /><testcase classname="tests.v3.nsm1.test_carbon_v1_parity_v3" name="test_dic_algal_growth_uses_correct_rca" time="0.004" /><testcase classname="tests.v3.nsm1.test_carbon_v1_parity_v3" name="test_dic_includes_cbod_oxidation" time="0.004" /><testcase classname="tests.v3.nsm1.test_carbon_v1_parity_v3" name="test_poc_hydrolysis_no_longer_dox_attenuated" time="0.007" /><testcase classname="tests.v3.nsm1.test_carbon_v1_parity_v3" name="test_henrys_k_co2_matches_v1" time="0.000" /><testcase classname="tests.v3.nsm1.test_cbod_registry_diagnostics" name="test_g_diagnostics_written_when_pre_registered" time="1.538" /><testcase classname="tests.v3.nsm1.test_cbod_registry_diagnostics" name="test_g_diagnostics_skipped_when_not_pre_registered" time="3.083" /><testcase classname="tests.v3.nsm1.test_cbod_registry_diagnostics" name="test_g_state_bit_identical_with_and_without_diagnostics" time="3.092" /><testcase classname="tests.v3.nsm1.test_cbod_registry_diagnostics" name="test_g_diagnostics_attribute_caches_match_registry_writes" time="0.027" /><testcase classname="tests.v3.nsm1.test_cbod_registry_diagnostics" name="test_g_partial_subscription_writes_only_requested_names" time="0.026" /><testcase classname="tests.v3.nsm1.test_cbod_registry_diagnostics" name="test_g_cbod_oxidation_rate_consumed_by_dox" time="0.026" /><testcase classname="tests.v3.nsm1.test_cbod_v1_parity_v3" name="test_cbod_oxidation_matches_v1_CBOD_oxidation" time="0.001" /><testcase classname="tests.v3.nsm1.test_cbod_v1_parity_v3" name="test_cbod_oxidation_no_dox_matches_v1_first_order" time="0.001" /><testcase classname="tests.v3.nsm1.test_cbod_v1_parity_v3" name="test_cbod_settling_matches_v1_CBOD_sedimentation_per_depth" time="0.001" /><testcase classname="tests.v3.nsm1.test_coupled_demo_parity" name="test_baseline_parity_bit_identical" time="112.055" /><testcase classname="tests.v3.nsm1.test_coupled_demo_parity" name="test_diagnostics_subscription_smoke_state_bit_identical" time="3.137" /><testcase classname="tests.v3.nsm1.test_coupled_demo_parity" name="test_diagnostics_subscription_smoke_all_diagnostics_written" time="1.564" /><testcase classname="tests.v3.nsm1.test_coupled_demo_parity" name="test_diagnostics_subscription_smoke_no_substep_skipped" time="1.572" /><testcase classname="tests.v3.nsm1.test_dox_registry_diagnostics" name="test_g_diagnostics_written_when_pre_registered" time="1.552" /><testcase classname="tests.v3.nsm1.test_dox_registry_diagnostics" name="test_g_diagnostics_skipped_when_not_pre_registered" time="3.097" /><testcase classname="tests.v3.nsm1.test_dox_registry_diagnostics" name="test_g_state_bit_identical_with_and_without_diagnostics" time="3.105" /><testcase classname="tests.v3.nsm1.test_dox_registry_diagnostics" name="test_g_diagnostics_attribute_caches_match_registry_writes" time="0.027" /><testcase classname="tests.v3.nsm1.test_dox_registry_diagnostics" name="test_g_partial_subscription_writes_only_requested_names" time="0.026" /><testcase classname="tests.v3.nsm1.test_dox_registry_diagnostics" name="test_g_sod_and_dox_sod_rate_match_in_registry" time="0.026" /><testcase classname="tests.v3.nsm1.test_dox_tier1" name="test_tier1_dox_conservation_closed_system_loss_disabled" time="0.171" /><testcase classname="tests.v3.nsm1.test_dox_tier1" name="test_dox_instantiates_with_defaults" time="0.000" /><testcase classname="tests.v3.nsm1.test_dox_tier1" name="test_dox_accepts_parameter_override" time="0.000" /><testcase classname="tests.v3.nsm1.test_dox_tier1" name="test_tier1_dox_with_nitrogen_zeroed_kinetics" time="0.460" /><testcase classname="tests.v3.nsm1.test_dox_v1_parity_v3" name="test_o2sat_full_apha_matches_v1" time="0.001" /><testcase classname="tests.v3.nsm1.test_dox_v1_parity_v3" name="test_atmospheric_reaeration_matches_v1" time="0.003" /><testcase classname="tests.v3.nsm1.test_dox_v1_parity_v3" name="test_dox_nitrification_sink_matches_v1" time="0.002" /><testcase classname="tests.v3.nsm1.test_dox_v1_parity_v3" name="test_dox_sod_sink_matches_v1_with_attenuation" time="0.002" /><testcase classname="tests.v3.nsm1.test_dox_v1_parity_v3" name="test_dox_algal_photosynthesis_source_matches_fortran_anchored" time="0.003" /><testcase classname="tests.v3.nsm1.test_dox_v1_parity_v3" name="test_dox_algal_photosynthesis_uses_correct_rca" time="0.003" /><testcase classname="tests.v3.nsm1.test_dox_v1_parity_v3" name="test_dox_sod_attenuates_at_low_dox" time="0.005" /><testcase classname="tests.v3.nsm1.test_dox_v1_parity_v3" name="test_phase9e_sod_20_value_pinned" time="0.000" /><testcase classname="tests.v3.nsm1.test_dox_v1_parity_v3" name="test_phase9e_default_hydraulic_reaeration_option_is_5" time="0.000" /><testcase classname="tests.v3.nsm1.test_dox_v1_parity_v3" name="test_phase9e_default_dox_reaeration_uses_hydraulics" time="0.002" /><testcase classname="tests.v3.nsm1.test_dry_cell_robustness" name="test_dry_cell_pathogen_does_not_corrupt_state" time="0.002" /><testcase classname="tests.v3.nsm1.test_dry_cell_robustness" name="test_dry_cell_dox_does_not_corrupt_state" time="0.003" /><testcase classname="tests.v3.nsm1.test_dry_cell_robustness" name="test_dry_cell_phosphorus_does_not_corrupt_state" time="0.001" /><testcase classname="tests.v3.nsm1.test_dry_cell_robustness" name="test_dry_cell_n2_does_not_corrupt_state" time="0.002" /><testcase classname="tests.v3.nsm1.test_floating_algae_registry_diagnostics" name="test_g_diagnostics_written_when_pre_registered" time="1.540" /><testcase classname="tests.v3.nsm1.test_floating_algae_registry_diagnostics" name="test_g_diagnostics_skipped_when_not_pre_registered" time="3.090" /><testcase classname="tests.v3.nsm1.test_floating_algae_registry_diagnostics" name="test_g_state_bit_identical_with_and_without_diagnostics" time="3.078" /><testcase classname="tests.v3.nsm1.test_floating_algae_registry_diagnostics" name="test_g_diagnostics_attribute_caches_match_registry_writes" time="0.027" /><testcase classname="tests.v3.nsm1.test_floating_algae_registry_diagnostics" name="test_g_partial_subscription_writes_only_requested_names" time="0.026" /><testcase classname="tests.v3.nsm1.test_floating_algae_registry_diagnostics" name="test_g_preserved_names_consumed_by_siblings_remain_visible" time="0.026" /><testcase classname="tests.v3.nsm1.test_floating_algae_v1_parity_v3" name="test_rate_respiration_matches_v1_ApRespiration" time="0.000" /><testcase classname="tests.v3.nsm1.test_floating_algae_v1_parity_v3" name="test_rate_death_matches_v1_ApDeath" time="0.000" /><testcase classname="tests.v3.nsm1.test_floating_algae_v1_parity_v3" name="test_rate_settling_matches_v1_ApSettling" time="0.000" /><testcase classname="tests.v3.nsm1.test_floating_algae_v1_parity_v3" name="test_limit_phosphorus_matches_v1_FP" time="0.000" /><testcase classname="tests.v3.nsm1.test_floating_algae_v1_parity_v3" name="test_limit_nitrogen_matches_v1_FN" time="0.001" /><testcase classname="tests.v3.nsm1.test_floating_algae_v1_parity_v3" name="test_rate_growth_multiplicative_matches_v1_mu_times_Ap" time="0.001" /><testcase classname="tests.v3.nsm1.test_n2_registry_diagnostics" name="test_g_diagnostics_written_when_pre_registered" time="1.533" /><testcase classname="tests.v3.nsm1.test_n2_registry_diagnostics" name="test_g_total_dissolved_gas_pre_existing_path_still_works" time="0.026" /><testcase classname="tests.v3.nsm1.test_n2_registry_diagnostics" name="test_g_diagnostics_skipped_when_not_pre_registered" time="3.091" /><testcase classname="tests.v3.nsm1.test_n2_registry_diagnostics" name="test_g_state_bit_identical_with_and_without_diagnostics" time="3.094" /><testcase classname="tests.v3.nsm1.test_n2_registry_diagnostics" name="test_g_diagnostics_attribute_caches_match_registry_writes" time="0.026" /><testcase classname="tests.v3.nsm1.test_n2_registry_diagnostics" name="test_g_tdg_alias_to_total_dissolved_gas" time="0.026" /><testcase classname="tests.v3.nsm1.test_n2_registry_diagnostics" name="test_g_partial_subscription_writes_only_requested_names" time="0.026" /><testcase classname="tests.v3.nsm1.test_n2_tier1" name="test_tier1_n2_conservation_closed_system_loss_disabled" time="0.091" /><testcase classname="tests.v3.nsm1.test_n2_tier1" name="test_n2_instantiates_with_defaults" time="0.000" /><testcase classname="tests.v3.nsm1.test_n2_tier1" name="test_n2_accepts_parameter_override" time="0.000" /><testcase classname="tests.v3.nsm1.test_n2_tier1" name="test_n2_run_computes_tdg_diagnostic" time="0.001" /><testcase classname="tests.v3.nsm1.test_n2_tier1" name="test_tier1_n2_with_nitrogen_zeroed_kinetics" time="0.362" /><testcase classname="tests.v3.nsm1.test_n2_v1_parity_v3" name="test_khn2_tc_matches_v1_KHN2_tc" time="0.000" /><testcase classname="tests.v3.nsm1.test_n2_v1_parity_v3" name="test_pwv_matches_v1_pwv" time="0.000" /><testcase classname="tests.v3.nsm1.test_n2_v1_parity_v3" name="test_n2sat_henry_matches_v1_N2sat" time="0.001" /><testcase classname="tests.v3.nsm1.test_n2_v1_parity_v3" name="test_n2_atmospheric_exchange_matches_v1_dN2dt" time="0.002" /><testcase classname="tests.v3.nsm1.test_n2_v1_parity_v3" name="test_n2_sat_cached_matches_v1_N2sat_at_run_time" time="0.001" /><testcase classname="tests.v3.nsm1.test_nitrogen_registry_diagnostics" name="test_g_diagnostics_written_when_pre_registered" time="1.545" /><testcase classname="tests.v3.nsm1.test_nitrogen_registry_diagnostics" name="test_g_diagnostics_skipped_when_not_pre_registered" time="3.088" /><testcase classname="tests.v3.nsm1.test_nitrogen_registry_diagnostics" name="test_g_state_bit_identical_with_and_without_diagnostics" time="3.088" /><testcase classname="tests.v3.nsm1.test_nitrogen_registry_diagnostics" name="test_g_diagnostics_attribute_caches_match_registry_writes" time="0.026" /><testcase classname="tests.v3.nsm1.test_nitrogen_registry_diagnostics" name="test_g_partial_subscription_writes_only_requested_names" time="0.026" /><testcase classname="tests.v3.nsm1.test_nitrogen_registry_diagnostics" name="test_g_preserved_names_are_consumer_visible" time="0.026" /><testcase classname="tests.v3.nsm1.test_nitrogen_v1_parity_v3" name="test_nitrification_inhibition_matches_v1" time="0.000" /><testcase classname="tests.v3.nsm1.test_nitrogen_v1_parity_v3" name="test_ammonium_nitrification_matches_v1" time="0.000" /><testcase classname="tests.v3.nsm1.test_nitrogen_v1_parity_v3" name="test_ammonium_from_bed_matches_v1" time="0.000" /><testcase classname="tests.v3.nsm1.test_nitrogen_v1_parity_v3" name="test_nitrate_bed_denitrification_matches_v1" time="0.000" /><testcase classname="tests.v3.nsm1.test_nitrogen_v1_parity_v3" name="test_nitrate_denitrification_water_column_matches_v1" time="0.001" /><testcase classname="tests.v3.nsm1.test_nitrogen_v1_parity_v3" name="test_change_ammonium_no_algae_drops_to_minus_nitrification_plus_bed" time="0.001" /><testcase classname="tests.v3.nsm1.test_nitrogen_v1_parity_v3" name="test_default_nitrogen_uses_v3_defaults_for_nitrification" time="0.001" /><testcase classname="tests.v3.nsm1.test_nitrogen_v1_parity_v3" name="test_default_nitrogen_uses_v3_defaults_for_denitrification" time="0.001" /><testcase classname="tests.v3.nsm1.test_nitrogen_v1_parity_v3" name="test_default_nitrogen_sediment_rates_zero_at_v3_defaults" time="0.000" /><testcase classname="tests.v3.nsm1.test_nitrogen_v1_parity_v3" name="test_phantom_ammonium_decay_term_dropped_from_change_ammonium" time="0.001" /><testcase classname="tests.v3.nsm1.test_nitrogen_v1_parity_v3" name="test_legacy_kwargs_still_override_defaults" time="0.000" /><testcase classname="tests.v3.nsm1.test_nitrogen_v1_parity_v3" name="test_nitrate_uptake_floating_algae_uses_dynamic_split" time="0.000" /><testcase classname="tests.v3.nsm1.test_nitrogen_v1_parity_v3" name="test_nitrate_uptake_benthic_algae_uses_dynamic_split_and_correct_units" time="0.001" /><testcase classname="tests.v3.nsm1.test_nitrogen_v1_parity_v3" name="test_change_nitrate_no_algae_drops_to_nitrification_minus_denit_minus_beddenit" time="0.002" /><testcase classname="tests.v3.nsm1.test_nitrogen_v1_parity_v3" name="test_phase9e_kon_theta_matches_fortran" time="0.000" /><testcase classname="tests.v3.nsm1.test_nitrogen_v1_parity_v3" name="test_phase9e_rnh4_theta_matches_fortran" time="0.000" /><testcase classname="tests.v3.nsm1.test_nitrogen_v1_parity_v3" name="test_phase9e_kdnit_theta_matches_fortran" time="0.000" /><testcase classname="tests.v3.nsm1.test_nitrogen_v1_parity_v3" name="test_phase9e_vno3_theta_matches_fortran" time="0.000" /><testcase classname="tests.v3.nsm1.test_nitrogen_v1_parity_v3" name="test_phase9e_nitrogen_theta_pairs_consistent_with_phosphorus" time="0.000" /><testcase classname="tests.v3.nsm1.test_nitrogen_v1_parity_v3" name="test_phase9e_orgn_settling_matches_v1_no_arrhenius" time="0.000" /><testcase classname="tests.v3.nsm1.test_nitrogen_v1_parity_v3" name="test_phase9e_vson_theta_removed_from_defaults" time="0.000" /><testcase classname="tests.v3.nsm1.test_pathogen_registry_diagnostics" name="test_g_diagnostics_written_when_pre_registered" time="1.533" /><testcase classname="tests.v3.nsm1.test_pathogen_registry_diagnostics" name="test_g_diagnostics_skipped_when_not_pre_registered" time="3.092" /><testcase classname="tests.v3.nsm1.test_pathogen_registry_diagnostics" name="test_g_state_bit_identical_with_and_without_diagnostics" time="3.085" /><testcase classname="tests.v3.nsm1.test_pathogen_registry_diagnostics" name="test_g_diagnostics_attribute_caches_match_registry_writes" time="0.026" /><testcase classname="tests.v3.nsm1.test_pathogen_registry_diagnostics" name="test_g_partial_subscription_writes_only_requested_names" time="0.026" /><testcase classname="tests.v3.nsm1.test_pathogen_tier1" name="test_tier1_pathogen_conservation_closed_system_decay_disabled" time="0.124" /><testcase classname="tests.v3.nsm1.test_pathogen_tier1" name="test_pathogen_instantiates_with_defaults" time="0.000" /><testcase classname="tests.v3.nsm1.test_pathogen_tier1" name="test_pathogen_accepts_parameter_override" time="0.000" /><testcase classname="tests.v3.nsm1.test_pathogen_v1_parity_v3" name="test_pathogen_natural_decay_matches_v1_PathogenDeath" time="0.000" /><testcase classname="tests.v3.nsm1.test_pathogen_v1_parity_v3" name="test_pathogen_light_decay_matches_v1_PathogenDecay" time="0.001" /><testcase classname="tests.v3.nsm1.test_pathogen_v1_parity_v3" name="test_pathogen_settling_matches_v1_PathogenSettling" time="0.000" /><testcase classname="tests.v3.nsm1.test_pathogen_v1_parity_v3" name="test_pathogen_total_rate_matches_v1_dPXdt" time="0.001" /><testcase classname="tests.v3.nsm1.test_pathogen_v1_parity_v3" name="test_phase9f_q_solar_units_are_w_per_m2" time="0.002" /><testcase classname="tests.v3.nsm1.test_pathogen_v1_parity_v3" name="test_phase9f_lambdas_fixme_removed" time="0.000" /><testcase classname="tests.v3.nsm1.test_pathogen_v1_parity_v3" name="test_phase9fb_apx_canonical_value_pinned" time="0.000" /><testcase classname="tests.v3.nsm1.test_pathogen_v1_parity_v3" name="test_phase9fb_vx_canonical_value_pinned" time="0.000" /><testcase classname="tests.v3.nsm1.test_pathogen_v1_parity_v3" name="test_phase9fb_light_decay_uses_raw_q_solar" time="0.002" /><testcase classname="tests.v3.nsm1.test_pathogen_v1_parity_v3" name="test_phase9fb_light_decay_matches_v1_with_canonical_apx" time="0.001" /><testcase classname="tests.v3.nsm1.test_pattern_conformance" name="test_canonical_helper_exists[Alkalinity]" time="0.000" /><testcase classname="tests.v3.nsm1.test_pattern_conformance" name="test_canonical_helper_exists[BenthicAlgae]" time="0.000" /><testcase classname="tests.v3.nsm1.test_pattern_conformance" name="test_canonical_helper_exists[CBOD]" time="0.000" /><testcase classname="tests.v3.nsm1.test_pattern_conformance" name="test_canonical_helper_exists[Carbon]" time="0.000" /><testcase classname="tests.v3.nsm1.test_pattern_conformance" name="test_canonical_helper_exists[DOX]" time="0.000" /><testcase classname="tests.v3.nsm1.test_pattern_conformance" name="test_canonical_helper_exists[FloatingAlgae]" time="0.000" /><testcase classname="tests.v3.nsm1.test_pattern_conformance" name="test_canonical_helper_exists[N2]" time="0.000" /><testcase classname="tests.v3.nsm1.test_pattern_conformance" name="test_canonical_helper_exists[Nitrogen]" time="0.000" /><testcase classname="tests.v3.nsm1.test_pattern_conformance" name="test_canonical_helper_exists[POM]" time="0.000" /><testcase classname="tests.v3.nsm1.test_pattern_conformance" name="test_canonical_helper_exists[Pathogen]" time="0.000" /><testcase classname="tests.v3.nsm1.test_pattern_conformance" name="test_canonical_helper_exists[Phosphorus]" time="0.000" /><testcase classname="tests.v3.nsm1.test_pattern_conformance" name="test_registry_diagnostics_present_and_nonempty[Alkalinity]" time="0.000" /><testcase classname="tests.v3.nsm1.test_pattern_conformance" name="test_registry_diagnostics_present_and_nonempty[BenthicAlgae]" time="0.000" /><testcase classname="tests.v3.nsm1.test_pattern_conformance" name="test_registry_diagnostics_present_and_nonempty[CBOD]" time="0.000" /><testcase classname="tests.v3.nsm1.test_pattern_conformance" name="test_registry_diagnostics_present_and_nonempty[Carbon]" time="0.000" /><testcase classname="tests.v3.nsm1.test_pattern_conformance" name="test_registry_diagnostics_present_and_nonempty[DOX]" time="0.000" /><testcase classname="tests.v3.nsm1.test_pattern_conformance" name="test_registry_diagnostics_present_and_nonempty[FloatingAlgae]" time="0.000" /><testcase classname="tests.v3.nsm1.test_pattern_conformance" name="test_registry_diagnostics_present_and_nonempty[N2]" time="0.000" /><testcase classname="tests.v3.nsm1.test_pattern_conformance" name="test_registry_diagnostics_present_and_nonempty[Nitrogen]" time="0.000" /><testcase classname="tests.v3.nsm1.test_pattern_conformance" name="test_registry_diagnostics_present_and_nonempty[POM]" time="0.000" /><testcase classname="tests.v3.nsm1.test_pattern_conformance" name="test_registry_diagnostics_present_and_nonempty[Pathogen]" time="0.000" /><testcase classname="tests.v3.nsm1.test_pattern_conformance" name="test_registry_diagnostics_present_and_nonempty[Phosphorus]" time="0.000" /><testcase classname="tests.v3.nsm1.test_pattern_conformance" name="test_registry_diagnostics_names_unique[Alkalinity]" time="0.000" /><testcase classname="tests.v3.nsm1.test_pattern_conformance" name="test_registry_diagnostics_names_unique[BenthicAlgae]" time="0.000" /><testcase classname="tests.v3.nsm1.test_pattern_conformance" name="test_registry_diagnostics_names_unique[CBOD]" time="0.000" /><testcase classname="tests.v3.nsm1.test_pattern_conformance" name="test_registry_diagnostics_names_unique[Carbon]" time="0.000" /><testcase classname="tests.v3.nsm1.test_pattern_conformance" name="test_registry_diagnostics_names_unique[DOX]" time="0.000" /><testcase classname="tests.v3.nsm1.test_pattern_conformance" name="test_registry_diagnostics_names_unique[FloatingAlgae]" time="0.000" /><testcase classname="tests.v3.nsm1.test_pattern_conformance" name="test_registry_diagnostics_names_unique[N2]" time="0.000" /><testcase classname="tests.v3.nsm1.test_pattern_conformance" name="test_registry_diagnostics_names_unique[Nitrogen]" time="0.000" /><testcase classname="tests.v3.nsm1.test_pattern_conformance" name="test_registry_diagnostics_names_unique[POM]" time="0.000" /><testcase classname="tests.v3.nsm1.test_pattern_conformance" name="test_registry_diagnostics_names_unique[Pathogen]" time="0.000" /><testcase classname="tests.v3.nsm1.test_pattern_conformance" name="test_registry_diagnostics_names_unique[Phosphorus]" time="0.000" /><testcase classname="tests.v3.nsm1.test_pattern_conformance" name="test_init_process_method_exists[Alkalinity]" time="0.000" /><testcase classname="tests.v3.nsm1.test_pattern_conformance" name="test_init_process_method_exists[BenthicAlgae]" time="0.000" /><testcase classname="tests.v3.nsm1.test_pattern_conformance" name="test_init_process_method_exists[CBOD]" time="0.000" /><testcase classname="tests.v3.nsm1.test_pattern_conformance" name="test_init_process_method_exists[Carbon]" time="0.000" /><testcase classname="tests.v3.nsm1.test_pattern_conformance" name="test_init_process_method_exists[DOX]" time="0.000" /><testcase classname="tests.v3.nsm1.test_pattern_conformance" name="test_init_process_method_exists[FloatingAlgae]" time="0.000" /><testcase classname="tests.v3.nsm1.test_pattern_conformance" name="test_init_process_method_exists[N2]" time="0.000" /><testcase classname="tests.v3.nsm1.test_pattern_conformance" name="test_init_process_method_exists[Nitrogen]" time="0.000" /><testcase classname="tests.v3.nsm1.test_pattern_conformance" name="test_init_process_method_exists[POM]" time="0.000" /><testcase classname="tests.v3.nsm1.test_pattern_conformance" name="test_init_process_method_exists[Pathogen]" time="0.000" /><testcase classname="tests.v3.nsm1.test_pattern_conformance" name="test_init_process_method_exists[Phosphorus]" time="0.000" /><testcase classname="tests.v3.nsm1.test_pattern_conformance" name="test_init_process_captures_diagnostics[Alkalinity]" time="0.001" /><testcase classname="tests.v3.nsm1.test_pattern_conformance" name="test_init_process_captures_diagnostics[BenthicAlgae]" time="0.001" /><testcase classname="tests.v3.nsm1.test_pattern_conformance" name="test_init_process_captures_diagnostics[CBOD]" time="0.000" /><testcase classname="tests.v3.nsm1.test_pattern_conformance" name="test_init_process_captures_diagnostics[Carbon]" time="0.001" /><testcase classname="tests.v3.nsm1.test_pattern_conformance" name="test_init_process_captures_diagnostics[DOX]" time="0.001" /><testcase classname="tests.v3.nsm1.test_pattern_conformance" name="test_init_process_captures_diagnostics[FloatingAlgae]" time="0.000" /><testcase classname="tests.v3.nsm1.test_pattern_conformance" name="test_init_process_captures_diagnostics[N2]" time="0.000" /><testcase classname="tests.v3.nsm1.test_pattern_conformance" name="test_init_process_captures_diagnostics[Nitrogen]" time="0.000" /><testcase classname="tests.v3.nsm1.test_pattern_conformance" name="test_init_process_captures_diagnostics[POM]" time="0.000" /><testcase classname="tests.v3.nsm1.test_pattern_conformance" name="test_init_process_captures_diagnostics[Pathogen]" time="0.000" /><testcase classname="tests.v3.nsm1.test_pattern_conformance" name="test_init_process_captures_diagnostics[Phosphorus]" time="0.000" /><testcase classname="tests.v3.nsm1.test_pattern_conformance" name="test_no_clip_with_log_guard_branches[Alkalinity]" time="0.000" /><testcase classname="tests.v3.nsm1.test_pattern_conformance" name="test_no_clip_with_log_guard_branches[BenthicAlgae]" time="0.000" /><testcase classname="tests.v3.nsm1.test_pattern_conformance" name="test_no_clip_with_log_guard_branches[CBOD]" time="0.000" /><testcase classname="tests.v3.nsm1.test_pattern_conformance" name="test_no_clip_with_log_guard_branches[Carbon]" time="0.000" /><testcase classname="tests.v3.nsm1.test_pattern_conformance" name="test_no_clip_with_log_guard_branches[DOX]" time="0.000" /><testcase classname="tests.v3.nsm1.test_pattern_conformance" name="test_no_clip_with_log_guard_branches[FloatingAlgae]" time="0.000" /><testcase classname="tests.v3.nsm1.test_pattern_conformance" name="test_no_clip_with_log_guard_branches[N2]" time="0.000" /><testcase classname="tests.v3.nsm1.test_pattern_conformance" name="test_no_clip_with_log_guard_branches[Nitrogen]" time="0.000" /><testcase classname="tests.v3.nsm1.test_pattern_conformance" name="test_no_clip_with_log_guard_branches[POM]" time="0.000" /><testcase classname="tests.v3.nsm1.test_pattern_conformance" name="test_no_clip_with_log_guard_branches[Pathogen]" time="0.000" /><testcase classname="tests.v3.nsm1.test_pattern_conformance" name="test_no_clip_with_log_guard_branches[Phosphorus]" time="0.000" /><testcase classname="tests.v3.nsm1.test_pattern_conformance" name="test_no_step_zero_placeholder_in_clip_calls[Alkalinity]" time="0.000" /><testcase classname="tests.v3.nsm1.test_pattern_conformance" name="test_no_step_zero_placeholder_in_clip_calls[BenthicAlgae]" time="0.000" /><testcase classname="tests.v3.nsm1.test_pattern_conformance" name="test_no_step_zero_placeholder_in_clip_calls[CBOD]" time="0.000" /><testcase classname="tests.v3.nsm1.test_pattern_conformance" name="test_no_step_zero_placeholder_in_clip_calls[Carbon]" time="0.000" /><testcase classname="tests.v3.nsm1.test_pattern_conformance" name="test_no_step_zero_placeholder_in_clip_calls[DOX]" time="0.000" /><testcase classname="tests.v3.nsm1.test_pattern_conformance" name="test_no_step_zero_placeholder_in_clip_calls[FloatingAlgae]" time="0.000" /><testcase classname="tests.v3.nsm1.test_pattern_conformance" name="test_no_step_zero_placeholder_in_clip_calls[N2]" time="0.000" /><testcase classname="tests.v3.nsm1.test_pattern_conformance" name="test_no_step_zero_placeholder_in_clip_calls[Nitrogen]" time="0.000" /><testcase classname="tests.v3.nsm1.test_pattern_conformance" name="test_no_step_zero_placeholder_in_clip_calls[POM]" time="0.000" /><testcase classname="tests.v3.nsm1.test_pattern_conformance" name="test_no_step_zero_placeholder_in_clip_calls[Pathogen]" time="0.000" /><testcase classname="tests.v3.nsm1.test_pattern_conformance" name="test_no_step_zero_placeholder_in_clip_calls[Phosphorus]" time="0.000" /><testcase classname="tests.v3.nsm1.test_pattern_conformance" name="test_process_has_registry_diagnostics_test_file[Alkalinity]" time="0.000" /><testcase classname="tests.v3.nsm1.test_pattern_conformance" name="test_process_has_registry_diagnostics_test_file[BenthicAlgae]" time="0.000" /><testcase classname="tests.v3.nsm1.test_pattern_conformance" name="test_process_has_registry_diagnostics_test_file[CBOD]" time="0.000" /><testcase classname="tests.v3.nsm1.test_pattern_conformance" name="test_process_has_registry_diagnostics_test_file[Carbon]" time="0.000" /><testcase classname="tests.v3.nsm1.test_pattern_conformance" name="test_process_has_registry_diagnostics_test_file[DOX]" time="0.000" /><testcase classname="tests.v3.nsm1.test_pattern_conformance" name="test_process_has_registry_diagnostics_test_file[FloatingAlgae]" time="0.000" /><testcase classname="tests.v3.nsm1.test_pattern_conformance" name="test_process_has_registry_diagnostics_test_file[N2]" time="0.000" /><testcase classname="tests.v3.nsm1.test_pattern_conformance" name="test_process_has_registry_diagnostics_test_file[Nitrogen]" time="0.000" /><testcase classname="tests.v3.nsm1.test_pattern_conformance" name="test_process_has_registry_diagnostics_test_file[POM]" time="0.000" /><testcase classname="tests.v3.nsm1.test_pattern_conformance" name="test_process_has_registry_diagnostics_test_file[Pathogen]" time="0.000" /><testcase classname="tests.v3.nsm1.test_pattern_conformance" name="test_process_has_registry_diagnostics_test_file[Phosphorus]" time="0.000" /><testcase classname="tests.v3.nsm1.test_phase9a1_algae_wiring.TestFloatingAlgaeDefaultsAreLiteratureAligned" name="test_default_respiration_matches_v1" time="0.001" /><testcase classname="tests.v3.nsm1.test_phase9a1_algae_wiring.TestFloatingAlgaeDefaultsAreLiteratureAligned" name="test_default_death_matches_v1" time="0.001" /><testcase classname="tests.v3.nsm1.test_phase9a1_algae_wiring.TestFloatingAlgaeDefaultsAreLiteratureAligned" name="test_default_settling_matches_v1" time="0.000" /><testcase classname="tests.v3.nsm1.test_phase9a1_algae_wiring.TestFloatingAlgaeDefaultsAreLiteratureAligned" name="test_default_KsN_KsP_match_v3_defaults" time="0.000" /><testcase classname="tests.v3.nsm1.test_phase9a1_algae_wiring.TestFloatingAlgaeDefaultsAreLiteratureAligned" name="test_default_growth_rate_uses_default_constants" time="0.001" /><testcase classname="tests.v3.nsm1.test_phase9a1_algae_wiring.TestBenthicAlgaeDefaultsAreV1Aligned" name="test_default_respiration_matches_v1" time="0.000" /><testcase classname="tests.v3.nsm1.test_phase9a1_algae_wiring.TestBenthicAlgaeDefaultsAreV1Aligned" name="test_default_death_matches_v1" time="0.000" /><testcase classname="tests.v3.nsm1.test_phase9a1_algae_wiring.TestBenthicAlgaeDefaultsAreV1Aligned" name="test_default_KsNb_KsPb_Ksb_match_v3_defaults" time="0.000" /><testcase classname="tests.v3.nsm1.test_phase9a1_algae_wiring.TestBenthicAlgaeDefaultsAreV1Aligned" name="test_default_limit_density_matches_v1_FSb" time="0.001" /><testcase classname="tests.v3.nsm1.test_phase9a1_algae_wiring.TestBenthicAlgaeDefaultsAreV1Aligned" name="test_default_limit_nitrogen_uses_KsNb" time="0.001" /><testcase classname="tests.v3.nsm1.test_phase9a1_algae_wiring.TestBenthicAlgaeDefaultsAreV1Aligned" name="test_default_limit_phosphorus_uses_KsPb" time="0.001" /><testcase classname="tests.v3.nsm1.test_phase9a1_algae_wiring.TestBenthicAlgaeDefaultsAreV1Aligned" name="test_default_growth_rate_uses_v1_aligned_constants" time="0.001" /><testcase classname="tests.v3.nsm1.test_phase9a1_algae_wiring" name="test_floating_algae_limit_light_option1_matches_v1_FL" time="0.002" /><testcase classname="tests.v3.nsm1.test_phase9a1_algae_wiring.TestFloatingAlgaeHarmonicGrowthGuard" name="test_harmonic_mean_FP_one_does_not_zero_growth" time="0.002" /><testcase classname="tests.v3.nsm1.test_phase9a1_algae_wiring.TestFloatingAlgaeHarmonicGrowthGuard" name="test_harmonic_mean_FP_zero_zeros_growth" time="0.001" /><testcase classname="tests.v3.nsm1.test_phase9a1_algae_wiring" name="test_benthic_algae_limit_light_option3_steele_matches_v1" time="0.002" /><testcase classname="tests.v3.nsm1.test_phase9c_parameter_corrections" name="test_vson_20_matches_fortran_and_v1" time="0.000" /><testcase classname="tests.v3.nsm1.test_phase9c_parameter_corrections" name="test_vson_20_matches_global_vars_vson" time="0.000" /><testcase classname="tests.v3.nsm1.test_phase9c_parameter_corrections" name="test_lambdam_matches_fortran_and_qual2k" time="0.000" /><testcase classname="tests.v3.nsm1.test_phase9c_parameter_corrections" name="test_pathogen_inline_lambdam_matches_global_vars" time="0.000" /><testcase classname="tests.v3.nsm1.test_phase9c_parameter
[...]
m1_demo_custom_process_parameters" time="0.000" /><testcase classname="tests.v3.test_nsm1_demo_setup" name="test_nsm1_default_yaml_exists" time="0.000" /><testcase classname="tests.v3.test_nsm1_demo_setup" name="test_nsm1_default_yaml_declares_all_11_processes" time="0.002" /><testcase classname="tests.v3.test_phase9fc_documentation" name="test_h2_fixme_cleared" time="0.000" /><testcase classname="tests.v3.test_phase9fc_documentation" name="test_pom_process_docstring_explains_h2_role" time="0.000" /><testcase classname="tests.v3.test_phase9fc_documentation" name="test_ksbod_fixme_cleared" time="0.000" /><testcase classname="tests.v3.test_phase9fc_documentation" name="test_nitrogen_use_sedflux_true_raises_notimplementederror" time="0.000" /><testcase classname="tests.v3.test_phase9fc_documentation" name="test_nitrogen_use_sedflux_false_constructs_normally" time="0.000" /><testcase classname="tests.v3.test_phase9fc_documentation" name="test_phosphorus_use_sedflux_true_raises_notimplementederror" time="0.000" /><testcase classname="tests.v3.test_phase9fc_documentation" name="test_phosphorus_use_sedflux_false_constructs_normally" time="0.000" /><testcase classname="tests.v3.test_phase9fc_documentation" name="test_section_2_1_marked_resolved_in_phase9fc" time="0.000" /><testcase classname="tests.v3.test_phase9fc_documentation" name="test_section_2_3_marked_resolved_in_phase9fc" time="0.000" /><testcase classname="tests.v3.test_phase9fc_documentation" name="test_section_2_5_marked_resolved_in_phase9fc" time="0.000" /><testcase classname="tests.v3.test_phase9fc_documentation" name="test_section_2_header_records_resolution_count" time="0.000" /><testcase classname="tests.v3.test_sanitize_rate" name="test_sanitize_rate_dataarray_replaces_nan_and_inf_with_zero" time="0.000" /><testcase classname="tests.v3.test_sanitize_rate" name="test_sanitize_rate_ndarray_replaces_nan_and_inf_with_zero" time="0.000" /><testcase classname="tests.v3.test_sanitize_rate" name="test_sanitize_rate_scalar_float_handles_nan_inf_and_finite" time="0.000" /><testcase classname="tests.v3.test_sanitize_rate" name="test_sanitize_rate_dataarray_preserves_coords_and_dims" time="0.001" /><testcase classname="tests.v3.test_sanitize_rate" name="test_sanitize_rate_catches_division_by_zero_depth" time="0.000" /><testcase classname="tests.v3.test_sanitize_rate" name="test_process_module_imports_sanitize_rate[clearwater_modules_v3.processes.dox]" time="0.000" /><testcase classname="tests.v3.test_sanitize_rate" name="test_process_module_imports_sanitize_rate[clearwater_modules_v3.processes.phosphorus]" time="0.000" /><testcase classname="tests.v3.test_sanitize_rate" name="test_process_module_imports_sanitize_rate[clearwater_modules_v3.processes.n2]" time="0.000" /><testcase classname="tests.v3.test_sanitize_rate" name="test_process_module_imports_sanitize_rate[clearwater_modules_v3.processes.carbon]" time="0.000" /><testcase classname="tests.v3.test_sanitize_rate" name="test_process_module_imports_sanitize_rate[clearwater_modules_v3.processes.pathogen]" time="0.000" /><testcase classname="tests.v3.test_sanitize_rate" name="test_process_module_imports_sanitize_rate[clearwater_modules_v3.processes.alkalinity]" time="0.000" /><testcase classname="tests.v3.test_schedule_non_integer_v3" name="test_integer_second_non_divisor_rejected_by_init_model" time="0.000" /><testcase classname="tests.v3.test_schedule_non_integer_v3" name="test_integer_second_non_divisor_rejected_by_build_schedule_directly" time="0.000" /><testcase classname="tests.v3.test_schedule_non_integer_v3" name="test_sub_second_three_to_one_ratio_documents_m18_residual_gap" time="0.000" /><testcase classname="tests.v3.test_schedule_non_integer_v3" name="test_sub_second_two_point_five_to_one_ratio_rejected" time="0.000" /><testcase classname="tests.v3.test_schedule_non_integer_v3" name="test_zero_time_step_raises_zero_division_error" time="0.000" /><testcase classname="tests.v3.test_schedule_non_integer_v3" name="test_zero_time_step_constructor_does_not_validate" time="0.000" /><testcase classname="tests.v3.test_temperature_minor_v3" name="test_mixing_ratio_air_simplified_form_preserves_c4_cases" time="0.001" /><testcase classname="tests.v3.test_temperature_minor_v3" name="test_water_specific_heat_propagates_nan" time="0.000" /><testcase classname="tests.v3.test_temperature_minor_v3" name="test_flux_sediment_disabled_returns_dataarray_zeros" time="0.000" /><testcase classname="tests.v3.test_temperature_minor_v3" name="test_temperature_change_no_longer_self_guards_zero_volume" time="0.005" /><testcase classname="tests.v3.test_tsm_diagnostics_v3" name="test_flux_components_returns_seven_keys_plus_net" time="0.000" /><testcase classname="tests.v3.test_tsm_diagnostics_v3" name="test_flux_components_q_net_matches_manual_composition" time="0.000" /><testcase classname="tests.v3.test_tsm_diagnostics_v3" name="test_flux_components_q_solar_passthrough" time="0.000" /><testcase classname="tests.v3.test_tsm_diagnostics_v3" name="test_flux_net_matches_flux_components_q_net" time="0.001" /><testcase classname="tests.v3.test_tsm_diagnostics_v3" name="test_run_caches_q_components_on_process" time="0.006" /><testcase classname="tests.v3.test_tsm_diagnostics_v3" name="test_run_writes_q_diagnostics_only_when_registered" time="0.006" /><testcase classname="tests.v3.test_tsm_diagnostics_v3" name="test_equilibrium_temperature_zero_q_net_at_solution" time="0.004" /><testcase classname="tests.v3.test_tsm_diagnostics_v3" name="test_equilibrium_temperature_warmer_when_solar_higher" time="0.003" /><testcase classname="tests.v3.test_tsm_diagnostics_v3" name="test_equilibrium_temperature_writes_to_registry_when_registered" time="0.015" /><testcase classname="tests.v3.test_tsm_diagnostics_v3" name="test_equilibrium_temperature_accepts_multielement_ndarray" time="0.003" /><testcase classname="tests.v3.test_tsm_diagnostics_v3" name="test_equilibrium_temperature_dataarray_and_ndarray_agree" time="0.091" /><testcase classname="tests.v3.test_tsm_diagnostics_v3" name="test_density_air_sat_finite_when_e_sat_exceeds_pressure" time="0.000" /><testcase classname="tests.v3.test_tsm_diagnostics_v3" name="test_density_air_sat_unchanged_in_normal_regime" time="0.000" /><testcase classname="tests.v3.test_tsm_diagnostics_v3" name="test_equilibrium_temperature_short_circuits_with_mixed_finite_and_nan" time="0.007" /><testcase classname="tests.v3.test_tsm_latent_heat_v3" name="test_lv_matches_reference_at_known_temps[0.0-2500900.0]" time="0.000" /><testcase classname="tests.v3.test_tsm_latent_heat_v3" name="test_lv_matches_reference_at_known_temps[10.0-2477300.0]" time="0.000" /><testcase classname="tests.v3.test_tsm_latent_heat_v3" name="test_lv_matches_reference_at_known_temps[20.0-2453500.0]" time="0.000" /><testcase classname="tests.v3.test_tsm_latent_heat_v3" name="test_lv_matches_reference_at_known_temps[25.0-2441700.0]" time="0.000" /><testcase classname="tests.v3.test_tsm_latent_heat_v3" name="test_lv_matches_reference_at_known_temps[30.0-2429800.0]" time="0.000" /><testcase classname="tests.v3.test_tsm_latent_heat_v3" name="test_lv_matches_reference_at_known_temps[100.0-2257000.0]" time="0.000" /><testcase classname="tests.v3.test_tsm_latent_heat_v3" name="test_lv_celsius_input_no_kelvin_offset" time="0.000" /><testcase classname="tests.v3.test_tsm_latent_heat_v3" name="test_lv_not_prefix_v2_value" time="0.000" /><testcase classname="tests.v3.test_tsm_latent_heat_v3" name="test_lv_documented_expected_values" time="0.000" /><testcase classname="tests.v3.test_tsm_latent_heat_v3" name="test_lv_monotonic_decreasing_with_temperature" time="0.000" /><testcase classname="tests.v3.test_tsm_latent_heat_v3" name="test_lv_arraylike_input_works" time="0.000" /><testcase classname="tests.v3.test_tsm_robustness_v3.TestM1ConstructorValidation" name="test_q_net_depth_ramp_ref_zero_disables" time="0.000" /><testcase classname="tests.v3.test_tsm_robustness_v3.TestM1ConstructorValidation" name="test_q_net_depth_ramp_ref_default_accepted" time="0.000" /><testcase classname="tests.v3.test_tsm_robustness_v3.TestM1ConstructorValidation" name="test_q_net_depth_ramp_ref_negative_rejected" time="0.000" /><testcase classname="tests.v3.test_tsm_robustness_v3.TestM1ConstructorValidation" name="test_q_net_depth_ramp_ref_nan_rejected" time="0.000" /><testcase classname="tests.v3.test_tsm_robustness_v3.TestM1ConstructorValidation" name="test_q_net_depth_ramp_ref_inf_rejected" time="0.000" /><testcase classname="tests.v3.test_tsm_robustness_v3.TestM1ConstructorValidation" name="test_dTdt_max_per_hour_inf_disables" time="0.000" /><testcase classname="tests.v3.test_tsm_robustness_v3.TestM1ConstructorValidation" name="test_dTdt_max_per_hour_default_accepted" time="0.000" /><testcase classname="tests.v3.test_tsm_robustness_v3.TestM1ConstructorValidation" name="test_dTdt_max_per_hour_zero_rejected" time="0.000" /><testcase classname="tests.v3.test_tsm_robustness_v3.TestM1ConstructorValidation" name="test_dTdt_max_per_hour_negative_rejected" time="0.000" /><testcase classname="tests.v3.test_tsm_robustness_v3.TestM1ConstructorValidation" name="test_dTdt_max_per_hour_nan_rejected" time="0.000" /><testcase classname="tests.v3.test_tsm_robustness_v3.TestM2SedimentThicknessGuard" name="test_flux_sediment_zero_thickness_returns_zero" time="0.001" /><testcase classname="tests.v3.test_tsm_robustness_v3.TestM2SedimentThicknessGuard" name="test_flux_sediment_negative_thickness_returns_zero" time="0.000" /><testcase classname="tests.v3.test_tsm_robustness_v3.TestM2SedimentThicknessGuard" name="test_flux_sediment_positive_thickness_returns_formula" time="0.000" /><testcase classname="tests.v3.test_tsm_robustness_v3.TestM2SedimentThicknessGuard" name="test_flux_sediment_multicell_mixed_thickness" time="0.000" /><testcase classname="tests.v3.test_tsm_robustness_v3.TestM2SedimentThicknessGuard" name="test_sediment_temperature_change_zero_thickness_returns_zero" time="0.000" /><testcase classname="tests.v3.test_tsm_robustness_v3.TestM2SedimentThicknessGuard" name="test_sediment_temperature_change_negative_thickness_returns_zero" time="0.000" /><testcase classname="tests.v3.test_tsm_robustness_v3.TestM2SedimentThicknessGuard" name="test_sediment_temperature_change_multicell_mixed_thickness" time="0.000" /><testcase classname="tests.v3.test_tsm_robustness_v3.TestM3RichardsonRobustness" name="test_zero_wind_no_runtime_warning" time="0.001" /><testcase classname="tests.v3.test_tsm_robustness_v3.TestM3RichardsonRobustness" name="test_zero_wind_with_buoyancy_clamps_to_minus_one" time="0.001" /><testcase classname="tests.v3.test_tsm_robustness_v3.TestM3RichardsonRobustness" name="test_nan_wind_propagates_visibly" time="0.001" /><testcase classname="tests.v3.test_tsm_robustness_v3.TestM3RichardsonRobustness" name="test_zero_and_nan_wind_do_not_raise" time="0.002" /><testcase classname="tests.v3.test_tsm_sediment_v3" name="test_sediment_diffusivity_default_matches_fortran" time="0.000" /><testcase classname="tests.v3.test_tsm_sediment_v3" name="test_sediment_density_and_specific_heat_match_fortran" time="0.000" /><testcase classname="tests.v3.test_tsm_sediment_v3" name="test_flux_sediment_matches_fortran_formula_at_realistic_inputs" time="0.000" /><testcase classname="tests.v3.test_tsm_sediment_v3" name="test_sediment_temperature_change_zero_when_water_equals_sediment" time="0.000" /><testcase classname="tests.v3.test_tsm_sediment_v3" name="test_sediment_temperature_change_relaxation_time_constant" time="0.000" /><testcase classname="tests.v3.test_tsm_sediment_v3" name="test_sediment_temperature_change_sign_drives_toward_water" time="0.000" /><testcase classname="tests.v3.test_tsm_sediment_v3" name="test_water_sediment_energy_conservation_per_substep" time="0.000" /><testcase classname="tests.v3.test_tsm_sediment_v3" name="test_evolve_sediment_temperature_default_is_true" time="0.000" /><testcase classname="tests.v3.test_tsm_sediment_v3" name="test_evolve_sediment_temperature_can_be_disabled" time="0.000" /><testcase classname="tests.v3.test_tsm_sediment_v3" name="test_sediment_temperature_change_works_on_multi_cell_dataarray" time="0.001" /><testcase classname="tests.v3.test_tsm_sediment_v3" name="test_F2_helper_returns_correct_ramp_when_active" time="0.006" /><testcase classname="tests.v3.test_tsm_sediment_v3" name="test_F2_helper_returns_ramp_one_when_disabled_or_deep" time="0.011" /><testcase classname="tests.v3.test_tsm_sediment_v3" name="test_F2_helper_returns_clip_ratio_when_cap_fires" time="0.005" /><testcase classname="tests.v3.test_tsm_sediment_v3" name="test_F2_water_sediment_conservation_under_depth_ramp" time="0.011" /><testcase classname="tests.v3.test_tsm_sediment_v3" name="test_F2_sediment_delta_scales_by_ramp_and_clip_ratio_in_run" time="0.021" /><testcase classname="tests.v3.test_tsm_sign_convention_v3" name="test_upwelling_longwave_returns_positive_magnitude" time="0.000" /><testcase classname="tests.v3.test_tsm_sign_convention_v3" name="test_latent_heat_returns_positive_when_evaporative" time="0.000" /><testcase classname="tests.v3.test_tsm_sign_convention_v3" name="test_latent_heat_can_be_negative_for_condensation" time="0.000" /><testcase classname="tests.v3.test_tsm_sign_convention_v3" name="test_atmospheric_longwave_returns_positive_magnitude" time="0.000" /><testcase classname="tests.v3.test_tsm_sign_convention_v3" name="test_sensible_signed_by_air_minus_water" time="0.000" /><testcase classname="tests.v3.test_tsm_sign_convention_v3" name="test_sediment_signed_by_sed_minus_water" time="0.000" /><testcase classname="tests.v3.test_tsm_sign_convention_v3" name="test_flux_net_uses_subtraction_for_upwelling_and_latent" time="0.001" /><testcase classname="tests.v3.test_tsm_stability_ramp_v3" name="test_t1_disabled_matches_legacy_arithmetic" time="0.001" /><testcase classname="tests.v3.test_tsm_stability_ramp_v3" name="test_t2_ramp_activates_on_shallow_cell" time="0.001" /><testcase classname="tests.v3.test_tsm_stability_ramp_v3" name="test_t3_ramp_inactive_on_deep_cell" time="0.001" /><testcase classname="tests.v3.test_tsm_stability_ramp_v3" name="test_t4_cap_activates_on_extreme_flux" time="0.001" /><testcase classname="tests.v3.test_tsm_stability_ramp_v3" name="test_t4b_cap_activates_on_extreme_negative_flux" time="0.001" /><testcase classname="tests.v3.test_tsm_stability_ramp_v3" name="test_t5_cap_disabled_passes_extreme_flux" time="0.001" /><testcase classname="tests.v3.test_tsm_stability_ramp_v3" name="test_t6_mixed_depths_round_trip" time="0.003" /><testcase classname="tests.v3.test_tsm_stability_ramp_v3" name="test_t6b_mixed_depths_with_cap" time="0.001" /><testcase classname="tests.v3.test_tsm_wind_function_spec_v3" name="test_default_constructor_wind_c_is_2" time="0.000" /><testcase classname="tests.v3.test_tsm_wind_function_spec_v3" name="test_default_constructor_wind_input_height_is_2_m" time="0.000" /><testcase classname="tests.v3.test_tsm_wind_function_spec_v3" name="test_default_constructor_surface_z0_is_001_m" time="0.000" /><testcase classname="tests.v3.test_tsm_wind_function_spec_v3" name="test_default_constructor_wind_shelter_is_unity" time="0.000" /><testcase classname="tests.v3.test_tsm_wind_function_spec_v3" name="test_wind_c_supported_values_no_warning[1.0]" time="0.000" /><testcase classname="tests.v3.test_tsm_wind_function_spec_v3" name="test_wind_c_supported_values_no_warning[2.0]" time="0.000" /><testcase classname="tests.v3.test_tsm_wind_function_spec_v3" name="test_wind_c_in_range_but_nonstandard_warns[0.5]" time="0.000" /><testcase classname="tests.v3.test_tsm_wind_function_spec_v3" name="test_wind_c_in_range_but_nonstandard_warns[1.5]" time="0.000" /><testcase classname="tests.v3.test_tsm_wind_function_spec_v3" name="test_wind_c_in_range_but_nonstandard_warns[2.5]" time="0.000" /><testcase classname="tests.v3.test_tsm_wind_function_spec_v3" name="test_wind_c_in_range_but_nonstandard_warns[3.0]" time="0.000" /><testcase classname="tests.v3.test_tsm_wind_function_spec_v3" name="test_wind_c_out_of_range_raises[0.0]" time="0.000" /><testcase classname="tests.v3.test_tsm_wind_function_spec_v3" name="test_wind_c_out_of_range_raises[-1.0]" time="0.000" /><testcase classname="tests.v3.test_tsm_wind_function_spec_v3" name="test_wind_c_out_of_range_raises[3.5]" time="0.000" /><testcase classname="tests.v3.test_tsm_wind_function_spec_v3" name="test_wind_c_out_of_range_raises[inf]" time="0.000" /><testcase classname="tests.v3.test_tsm_wind_function_spec_v3" name="test_wind_c_3_is_back_compat_opt_in_only_warns" time="0.000" /><testcase classname="tests.v3.test_tsm_wind_function_spec_v3" name="test_wind_input_height_2m_is_no_op" time="0.000" /><testcase classname="tests.v3.test_tsm_wind_function_spec_v3" name="test_wind_input_height_10m_to_2m_log_law_factor" time="0.000" /><testcase classname="tests.v3.test_tsm_wind_function_spec_v3" name="test_wind_input_height_quadratic_attenuation_at_c2" time="0.000" /><testcase classname="tests.v3.test_tsm_wind_function_spec_v3" name="test_wind_shelter_unity_is_no_op" time="0.000" /><testcase classname="tests.v3.test_tsm_wind_function_spec_v3" name="test_wind_shelter_scalar_attenuation_at_c2" time="0.000" /><testcase classname="tests.v3.test_tsm_wind_function_spec_v3" name="test_registry_shelter_overrides_scalar" time="0.000" /><testcase classname="tests.v3.test_tsm_wind_function_spec_v3" name="test_registry_shelter_per_cell_array" time="0.000" /><testcase classname="tests.v3.test_tsm_wind_function_spec_v3" name="test_unset_cached_shelter_falls_back_to_scalar" time="0.000" /><testcase classname="tests.v3.test_tsm_wind_function_spec_v3" name="test_composition_shelter_and_height_correction" time="0.000" /><testcase classname="tests.v3.test_tsm_wind_function_spec_v3" name="test_wind_input_height_must_be_positive" time="0.000" /><testcase classname="tests.v3.test_tsm_wind_function_spec_v3" name="test_surface_z0_must_be_positive" time="0.000" /><testcase classname="tests.v3.test_tsm_wind_function_spec_v3" name="test_surface_z0_must_be_less_than_input_height" time="0.000" /><testcase classname="tests.v3.test_tsm_wind_function_spec_v3" name="test_wind_shelter_must_be_positive" time="0.000" /><testcase classname="tests.v3.test_tsm_wind_function_spec_v3" name="test_wind_shelter_above_one_warns" time="0.000" /><testcase classname="tests.v3.test_tsm_wind_function_spec_v3" name="test_wind_shelter_unity_no_warning" time="0.000" /><testcase classname="tests.v3.test_tsm_wind_function_spec_v3" name="test_wind_function_default_no_op" time="0.000" /><testcase classname="tests.v3.test_tsm_wind_function_spec_v3" name="test_wind_function_applies_combined_transforms" time="0.000" /><testcase classname="tests.v3.test_wet_dry_transition_v3" name="test_dry_cell_without_wet_mask_produces_nan_or_inf" time="0.006" /><testcase classname="tests.v3.test_wet_dry_transition_v3" name="test_dry_cell_with_wet_mask_produces_clean_nan" time="0.006" /><testcase classname="tests.v3.test_wet_dry_transition_v3" name="test_wet_dry_wet_trajectory_with_wet_mask" time="0.018" /><testcase classname="tests.v3.test_wet_dry_transition_v3" name="test_dry_throughout_cell_stays_nan_every_substep" time="0.018" /><testcase classname="tests.v3.test_wet_mask_scope_v3" name="test_c5_temperature_declares_output_variables" time="0.000" /><testcase classname="tests.v3.test_wet_mask_scope_v3" name="test_c5_temperature_output_variables_is_subset_of_variables" time="0.000" /><testcase classname="tests.v3.test_wet_mask_scope_v3" name="test_c5_temperature_output_variables_excludes_forcings" time="0.000" /><testcase classname="tests.v3.test_wet_mask_scope_v3" name="test_c5_wet_mask_respects_output_variables_only" time="0.000" /><testcase classname="tests.v3.test_wet_mask_scope_v3" name="test_c5_fallback_to_variables_when_output_variables_undeclared" time="0.000" /><testcase classname="tests.v3.test_wet_mask_scope_v3" name="test_c5_no_op_when_wet_mask_is_none" time="0.000" /></testsuite></testsuites>