<?xml version="1.0" encoding="utf-8"?><testsuites name="pytest tests"><testsuite name="pytest" errors="0" failures="0" skipped="0" tests="392" time="11.893" timestamp="2026-05-13T00:11:47.151682-07:00" hostname="Todds-MacBook-Air.local"><testcase classname="tests.v3.nsm1.test_phosphorus_v1_parity_v3" name="test_fdp_unit_factor_dimensionally_correct" time="0.001" /><testcase classname="tests.v3.nsm1.test_phosphorus_v1_parity_v3" name="test_tip_partitioning_fdp_matches_fortran" time="0.000" /><testcase classname="tests.v3.nsm1.test_phosphorus_v1_parity_v3" name="test_orgp_hydrolysis_matches_v1" time="0.002" /><testcase classname="tests.v3.nsm1.test_phosphorus_v1_parity_v3" name="test_phase9e_vsop_consistent_with_vsap" time="0.000" /><testcase classname="tests.v3.nsm1.test_phosphorus_v1_parity_v3" name="test_tip_settling_matches_fortran_anchored" time="0.001" /><testcase classname="tests.v3.nsm1.test_phosphorus_v1_parity_v3" name="test_orgp_settling_matches_v1" time="0.001" /><testcase classname="tests.v3.test_sanitize_rate" name="test_process_module_imports_sanitize_rate[clearwater_modules_v3.processes.alkalinity]" time="0.000" /><testcase classname="tests.v3.test_sanitize_rate" name="test_process_module_imports_sanitize_rate[clearwater_modules_v3.processes.phosphorus]" time="0.000" /><testcase classname="tests.v3.test_sanitize_rate" name="test_process_module_imports_sanitize_rate[clearwater_modules_v3.processes.n2]" time="0.000" /><testcase classname="tests.v3.test_sanitize_rate" name="test_sanitize_rate_dataarray_replaces_nan_and_inf_with_zero" time="0.000" /><testcase classname="tests.v3.test_sanitize_rate" name="test_sanitize_rate_dataarray_preserves_coords_and_dims" time="0.001" /><testcase classname="tests.v3.test_sanitize_rate" name="test_process_module_imports_sanitize_rate[clearwater_modules_v3.processes.pathogen]" time="0.000" /><testcase classname="tests.v3.test_sanitize_rate" name="test_sanitize_rate_ndarray_replaces_nan_and_inf_with_zero" time="0.000" /><testcase classname="tests.v3.test_sanitize_rate" name="test_sanitize_rate_catches_division_by_zero_depth" time="0.000" /><testcase classname="tests.v3.test_sanitize_rate" name="test_process_module_imports_sanitize_rate[clearwater_modules_v3.processes.dox]" time="0.000" /><testcase classname="tests.v3.test_sanitize_rate" name="test_process_module_imports_sanitize_rate[clearwater_modules_v3.processes.carbon]" time="0.000" /><testcase classname="tests.v3.test_sanitize_rate" name="test_sanitize_rate_scalar_float_handles_nan_inf_and_finite" time="0.000" /><testcase classname="tests.v3.nsm1.test_dry_cell_robustness" name="test_dry_cell_dox_does_not_corrupt_state" time="0.003" /><testcase classname="tests.v3.nsm1.test_dry_cell_robustness" name="test_dry_cell_n2_does_not_corrupt_state" time="0.002" /><testcase classname="tests.v3.nsm1.test_dry_cell_robustness" name="test_dry_cell_phosphorus_does_not_corrupt_state" time="0.001" /><testcase classname="tests.v3.nsm1.test_dry_cell_robustness" name="test_dry_cell_pathogen_does_not_corrupt_state" time="0.002" /><testcase classname="tests.v3.nsm1.test_carbon_tier1" name="test_carbon_instantiates_from_defaults" time="0.000" /><testcase classname="tests.v3.nsm1.test_carbon_tier1" name="test_tier1_carbon_conservation_closed_system_loss_disabled" time="0.232" /><testcase classname="tests.v3.nsm1.test_carbon_tier1" name="test_carbon_run_caches_doc_dic_oxidation_rate" time="0.003" /><testcase classname="tests.v3.nsm1.test_pom_v1_parity_v3" name="test_phase9fa_vb_value_pinned" time="0.000" /><testcase classname="tests.v3.nsm1.test_pom_v1_parity_v3" name="test_pom_benthic_mortality_input_matches_v1_POM_benthic_algae_mortality" time="0.001" /><testcase classname="tests.v3.nsm1.test_pom_v1_parity_v3" name="test_pom_dissolution_matches_v1_POM_dissolution" time="0.001" /><testcase classname="tests.v3.nsm1.test_pom_v1_parity_v3" name="test_pom_poc_settling_matches_v1_POM_POC_settling" time="0.001" /><testcase classname="tests.v3.nsm1.test_pom_v1_parity_v3" name="test_phase9fa_vb_dimensional_smell_test" time="0.000" /><testcase classname="tests.v3.nsm1.test_pom_v1_parity_v3" name="test_pom_burial_matches_v1_POM_burial" time="0.001" /><testcase classname="tests.v3.nsm1.test_pom_v1_parity_v3" name="test_pom_algal_settling_input_matches_v1_POM_algal_settling" time="0.000" /><testcase classname="tests.v3.test_model_orchestration_v3" name="test_c6_schedule_multiple_cadences_fires_correctly" time="0.000" /><testcase classname="tests.v3.test_model_orchestration_v3" name="test_c1_simulation_directory_explicit_path_passes_through" time="0.000" /><testcase classname="tests.v3.test_model_orchestration_v3" name="test_c6_schedule_with_non_aligned_start_time" time="0.000" /><testcase classname="tests.v3.test_model_orchestration_v3" name="test_c1_simulation_directory_default_is_path" time="0.000" /><testcase classname="tests.v3.test_model_orchestration_v3" name="test_c7_interior_chunk_step_indices_correct" time="0.000" /><testcase classname="tests.v3.test_model_orchestration_v3" name="test_c6_schedule_is_timezone_independent_for_naive_datetime" time="0.000" /><testcase classname="tests.v3.test_model_orchestration_v3" name="test_c7_chunk_size_must_be_integer_multiple_of_time_step" time="0.000" /><testcase classname="tests.v3.test_model_orchestration_v3" name="test_c1_path_truediv_no_longer_crashes" time="0.000" /><testcase classname="tests.v3.test_model_orchestration_v3" name="test_c2_finalize_model_skips_processes_without_finalize_process" time="0.000" /><testcase classname="tests.v3.test_model_orchestration_v3" name="test_c6_schedule_validation_rejects_non_divisor_cadence" time="0.000" /><testcase classname="tests.v3.test_model_orchestration_v3" name="test_c7_no_spurious_boundary_at_start_or_end" time="0.000" /><testcase classname="tests.v3.test_model_orchestration_v3" name="test_c2_finalize_model_invoked_in_full_mode" time="0.000" /><testcase classname="tests.v3.test_model_orchestration_v3" name="test_c1_simulation_directory_explicit_str_is_promoted_to_path" time="0.000" /><testcase classname="tests.v3.test_tsm_robustness_v3.TestM2SedimentThicknessGuard" name="test_flux_sediment_negative_thickness_returns_zero" time="0.000" /><testcase classname="tests.v3.test_tsm_robustness_v3.TestM2SedimentThicknessGuard" name="test_flux_sediment_multicell_mixed_thickness" time="0.000" /><testcase classname="tests.v3.test_tsm_robustness_v3.TestM2SedimentThicknessGuard" name="test_sediment_temperature_change_multicell_mixed_thickness" time="0.000" /><testcase classname="tests.v3.test_tsm_robustness_v3.TestM2SedimentThicknessGuard" name="test_flux_sediment_zero_thickness_returns_zero" time="0.000" /><testcase classname="tests.v3.test_tsm_robustness_v3.TestM2SedimentThicknessGuard" name="test_sediment_temperature_change_negative_thickness_returns_zero" time="0.000" /><testcase classname="tests.v3.test_tsm_robustness_v3.TestM2SedimentThicknessGuard" name="test_sediment_temperature_change_zero_thickness_returns_zero" time="0.000" /><testcase classname="tests.v3.test_tsm_robustness_v3.TestM2SedimentThicknessGuard" name="test_flux_sediment_positive_thickness_returns_formula" time="0.000" /><testcase classname="tests.v3.test_tsm_robustness_v3.TestM3RichardsonRobustness" name="test_zero_wind_with_buoyancy_clamps_to_minus_one" time="0.001" /><testcase classname="tests.v3.test_tsm_robustness_v3.TestM3RichardsonRobustness" name="test_nan_wind_propagates_visibly" time="0.001" /><testcase classname="tests.v3.test_tsm_robustness_v3.TestM3RichardsonRobustness" name="test_zero_and_nan_wind_do_not_raise" time="0.002" /><testcase classname="tests.v3.test_tsm_robustness_v3.TestM3RichardsonRobustness" name="test_zero_wind_no_runtime_warning" time="0.001" /><testcase classname="tests.v3.test_tsm_robustness_v3.TestM1ConstructorValidation" name="test_dTdt_max_per_hour_nan_rejected" time="0.000" /><testcase classname="tests.v3.test_tsm_robustness_v3.TestM1ConstructorValidation" name="test_dTdt_max_per_hour_default_accepted" time="0.000" /><testcase classname="tests.v3.test_tsm_robustness_v3.TestM1ConstructorValidation" name="test_dTdt_max_per_hour_negative_rejected" time="0.000" /><testcase classname="tests.v3.test_tsm_robustness_v3.TestM1ConstructorValidation" name="test_q_net_depth_ramp_ref_default_accepted" time="0.000" /><testcase classname="tests.v3.test_tsm_robustness_v3.TestM1ConstructorValidation" name="test_q_net_depth_ramp_ref_nan_rejected" time="0.000" /><testcase classname="tests.v3.test_tsm_robustness_v3.TestM1ConstructorValidation" name="test_q_net_depth_ramp_ref_zero_disables" time="0.000" /><testcase classname="tests.v3.test_tsm_robustness_v3.TestM1ConstructorValidation" name="test_dTdt_max_per_hour_inf_disables" time="0.000" /><testcase classname="tests.v3.test_tsm_robustness_v3.TestM1ConstructorValidation" name="test_dTdt_max_per_hour_zero_rejected" time="0.000" /><testcase classname="tests.v3.test_tsm_robustness_v3.TestM1ConstructorValidation" name="test_q_net_depth_ramp_ref_inf_rejected" time="0.000" /><testcase classname="tests.v3.test_tsm_robustness_v3.TestM1ConstructorValidation" name="test_q_net_depth_ramp_ref_negative_rejected" time="0.000" /><testcase classname="tests.v3.test_tsm_sign_convention_v3" name="test_latent_heat_can_be_negative_for_condensation" time="0.000" /><testcase classname="tests.v3.test_tsm_sign_convention_v3" name="test_sediment_signed_by_sed_minus_water" time="0.000" /><testcase classname="tests.v3.test_tsm_sign_convention_v3" name="test_latent_heat_returns_positive_when_evaporative" time="0.000" /><testcase classname="tests.v3.test_tsm_sign_convention_v3" name="test_flux_net_uses_subtraction_for_upwelling_and_latent" time="0.000" /><testcase classname="tests.v3.test_tsm_sign_convention_v3" name="test_upwelling_longwave_returns_positive_magnitude" time="0.000" /><testcase classname="tests.v3.test_tsm_sign_convention_v3" name="test_atmospheric_longwave_returns_positive_magnitude" time="0.000" /><testcase classname="tests.v3.test_tsm_sign_convention_v3" name="test_sensible_signed_by_air_minus_water" time="0.000" /><testcase classname="tests.v3.nsm1.test_pom_tier1" name="test_tier1_pom_conservation_closed_system_loss_disabled" time="0.036" /><testcase classname="tests.v3.nsm1.test_pom_tier1" name="test_pom_instantiates_from_defaults" time="0.000" /><testcase classname="tests.v3.test_hotstart_roundtrip_v3" name="test_temperature_to_hotstart_default_state" time="0.000" /><testcase classname="tests.v3.test_hotstart_roundtrip_v3" name="test_temperature_from_hotstart_honors_explicit_false" time="0.000" /><testcase classname="tests.v3.test_hotstart_roundtrip_v3" name="test_temperature_from_hotstart_honors_explicit_true" time="0.000" /><testcase classname="tests.v3.test_hotstart_roundtrip_v3" name="test_temperature_to_from_hotstart_roundtrip" time="0.000" /><testcase classname="tests.v3.test_hotstart_roundtrip_v3" name="test_model_to_hotstart_collects_state_from_each_process" time="0.000" /><testcase classname="tests.v3.test_hotstart_roundtrip_v3" name="test_model_restore_process_hotstart_invokes_opt_in_processes" time="0.000" /><testcase classname="tests.v3.test_hotstart_roundtrip_v3" name="test_model_seed_from_hotstart_with_explicit_integer_index" time="0.000" /><testcase classname="tests.v3.test_hotstart_roundtrip_v3" name="test_model_seed_from_hotstart_overwrites_registry" time="0.000" /><testcase classname="tests.v3.test_hotstart_roundtrip_v3" name="test_model_restore_temperature_hotstart_resets_skip_flag" time="0.000" /><testcase classname="tests.v3.test_hotstart_roundtrip_v3" name="test_model_restore_process_hotstart_with_empty_attrs" time="0.000" /><testcase classname="tests.v3.test_hotstart_roundtrip_v3" name="test_model_to_hotstart_includes_temperature_state" time="0.000" /><testcase classname="tests.v3.test_hotstart_roundtrip_v3" name="test_temperature_from_hotstart_default_value_is_false" time="0.000" /><testcase classname="tests.v3.test_tsm_wind_function_spec_v3" name="test_wind_shelter_above_one_warns" time="0.000" /><testcase classname="tests.v3.test_tsm_wind_function_spec_v3" name="test_wind_function_applies_combined_transforms" time="0.000" /><testcase classname="tests.v3.test_tsm_wind_function_spec_v3" name="test_wind_c_out_of_range_raises[-1.0]" time="0.000" /><testcase classname="tests.v3.test_tsm_wind_function_spec_v3" name="test_surface_z0_must_be_positive" time="0.000" /><testcase classname="tests.v3.test_tsm_wind_function_spec_v3" name="test_wind_c_out_of_range_raises[3.5]" time="0.000" /><testcase classname="tests.v3.test_tsm_wind_function_spec_v3" name="test_default_constructor_wind_input_height_is_2_m" time="0.000" /><testcase classname="tests.v3.test_tsm_wind_function_spec_v3" name="test_wind_input_height_10m_to_2m_log_law_factor" time="0.000" /><testcase classname="tests.v3.test_tsm_wind_function_spec_v3" name="test_wind_c_supported_values_no_warning[2.0]" time="0.000" /><testcase classname="tests.v3.test_tsm_wind_function_spec_v3" name="test_wind_input_height_2m_is_no_op" time="0.000" /><testcase classname="tests.v3.test_tsm_wind_function_spec_v3" name="test_wind_c_in_range_but_nonstandard_warns[1.5]" time="0.000" /><testcase classname="tests.v3.test_tsm_wind_function_spec_v3" name="test_wind_c_out_of_range_raises[0.0]" time="0.000" /><testcase classname="tests.v3.test_tsm_wind_function_spec_v3" name="test_wind_c_supported_values_no_warning[1.0]" time="0.000" /><testcase classname="tests.v3.test_tsm_wind_function_spec_v3" name="test_wind_input_height_must_be_positive" time="0.000" /><testcase classname="tests.v3.test_tsm_wind_function_spec_v3" name="test_wind_c_in_range_but_nonstandard_warns[2.5]" time="0.000" /><testcase classname="tests.v3.test_tsm_wind_function_spec_v3" name="test_wind_c_out_of_range_raises[inf]" time="0.000" /><testcase classname="tests.v3.test_tsm_wind_function_spec_v3" name="test_registry_shelter_per_cell_array" time="0.000" /><testcase classname="tests.v3.test_tsm_wind_function_spec_v3" name="test_wind_c_3_is_back_compat_opt_in_only_warns" time="0.000" /><testcase classname="tests.v3.test_tsm_wind_function_spec_v3" name="test_unset_cached_shelter_falls_back_to_scalar" time="0.000" /><testcase classname="tests.v3.test_tsm_wind_function_spec_v3" name="test_wind_shelter_must_be_positive" time="0.000" /><testcase classname="tests.v3.test_tsm_wind_function_spec_v3" name="test_surface_z0_must_be_less_than_input_height" time="0.000" /><testcase classname="tests.v3.test_tsm_wind_function_spec_v3" name="test_wind_shelter_unity_no_warning" time="0.000" /><testcase classname="tests.v3.test_tsm_wind_function_spec_v3" name="test_wind_c_in_range_but_nonstandard_warns[3.0]" time="0.000" /><testcase classname="tests.v3.test_tsm_wind_function_spec_v3" name="test_wind_shelter_unity_is_no_op" time="0.000" /><testcase classname="tests.v3.test_tsm_wind_function_spec_v3" name="test_wind_function_default_no_op" time="0.000" /><testcase classname="tests.v3.test_tsm_wind_function_spec_v3" name="test_default_constructor_surface_z0_is_001_m" time="0.000" /><testcase classname="tests.v3.test_tsm_wind_function_spec_v3" name="test_default_constructor_wind_c_is_2" time="0.000" /><testcase classname="tests.v3.test_tsm_wind_function_spec_v3" name="test_composition_shelter_and_height_correction" time="0.000" /><testcase classname="tests.v3.test_tsm_wind_function_spec_v3" name="test_wind_shelter_scalar_attenuation_at_c2" time="0.000" /><testcase classname="tests.v3.test_tsm_wind_function_spec_v3" name="test_registry_shelter_overrides_scalar" time="0.000" /><testcase classname="tests.v3.test_tsm_wind_function_spec_v3" name="test_wind_c_in_range_but_nonstandard_warns[0.5]" time="0.000" /><testcase classname="tests.v3.test_tsm_wind_function_spec_v3" name="test_default_constructor_wind_shelter_is_unity" time="0.000" /><testcase classname="tests.v3.test_tsm_wind_function_spec_v3" name="test_wind_input_height_quadratic_attenuation_at_c2" time="0.000" /><testcase classname="tests.v3.nsm1.test_nitrogen_v1_parity_v3" name="test_default_nitrogen_uses_v3_defaults_for_denitrification" time="0.001" /><testcase classname="tests.v3.nsm1.test_nitrogen_v1_parity_v3" name="test_nitrification_inhibition_matches_v1" time="0.000" /><testcase classname="tests.v3.nsm1.test_nitrogen_v1_parity_v3" name="test_legacy_kwargs_still_override_defaults" time="0.000" /><testcase classname="tests.v3.nsm1.test_nitrogen_v1_parity_v3" name="test_nitrate_uptake_floating_algae_uses_dynamic_split" time="0.000" /><testcase classname="tests.v3.nsm1.test_nitrogen_v1_parity_v3" name="test_ammonium_nitrification_matches_v1" time="0.000" /><testcase classname="tests.v3.nsm1.test_nitrogen_v1_parity_v3" name="test_default_nitrogen_sediment_rates_zero_at_v3_defaults" time="0.000" /><testcase classname="tests.v3.nsm1.test_nitrogen_v1_parity_v3" name="test_change_nitrate_no_algae_drops_to_nitrification_minus_denit_minus_beddenit" time="0.002" /><testcase classname="tests.v3.nsm1.test_nitrogen_v1_parity_v3" name="test_change_ammonium_no_algae_drops_to_minus_nitrification_plus_bed" time="0.001" /><testcase classname="tests.v3.nsm1.test_nitrogen_v1_parity_v3" name="test_phase9e_rnh4_theta_matches_fortran" time="0.000" /><testcase classname="tests.v3.nsm1.test_nitrogen_v1_parity_v3" name="test_phase9e_vson_theta_removed_from_defaults" time="0.000" /><testcase classname="tests.v3.nsm1.test_nitrogen_v1_parity_v3" name="test_phase9e_vno3_theta_matches_fortran" time="0.000" /><testcase classname="tests.v3.nsm1.test_nitrogen_v1_parity_v3" name="test_phase9e_nitrogen_theta_pairs_consistent_with_phosphorus" time="0.000" /><testcase classname="tests.v3.nsm1.test_nitrogen_v1_parity_v3" name="test_nitrate_denitrification_water_column_matches_v1" time="0.001" /><testcase classname="tests.v3.nsm1.test_nitrogen_v1_parity_v3" name="test_ammonium_from_bed_matches_v1" time="0.000" /><testcase classname="tests.v3.nsm1.test_nitrogen_v1_parity_v3" name="test_nitrate_bed_denitrification_matches_v1" time="0.000" /><testcase classname="tests.v3.nsm1.test_nitrogen_v1_parity_v3" name="test_phantom_ammonium_decay_term_dropped_from_change_ammonium" time="0.001" /><testcase classname="tests.v3.nsm1.test_nitrogen_v1_parity_v3" name="test_phase9e_kon_theta_matches_fortran" time="0.000" /><testcase classname="tests.v3.nsm1.test_nitrogen_v1_parity_v3" name="test_phase9e_kdnit_theta_matches_fortran" time="0.000" /><testcase classname="tests.v3.nsm1.test_nitrogen_v1_parity_v3" name="test_phase9e_orgn_settling_matches_v1_no_arrhenius" time="0.000" /><testcase classname="tests.v3.nsm1.test_nitrogen_v1_parity_v3" name="test_nitrate_uptake_benthic_algae_uses_dynamic_split_and_correct_units" time="0.001" /><testcase classname="tests.v3.nsm1.test_nitrogen_v1_parity_v3" name="test_default_nitrogen_uses_v3_defaults_for_nitrification" time="0.001" /><testcase classname="tests.v3.test_tsm_diagnostics_v3" name="test_flux_net_matches_flux_components_q_net" time="0.000" /><testcase classname="tests.v3.test_tsm_diagnostics_v3" name="test_flux_components_q_net_matches_manual_composition" time="0.000" /><testcase classname="tests.v3.test_tsm_diagnostics_v3" name="test_density_air_sat_unchanged_in_normal_regime" time="0.000" /><testcase classname="tests.v3.test_tsm_diagnostics_v3" name="test_equilibrium_temperature_accepts_multielement_ndarray" time="0.002" /><testcase classname="tests.v3.test_tsm_diagnostics_v3" name="test_flux_components_returns_seven_keys_plus_net" time="0.000" /><testcase classname="tests.v3.test_tsm_diagnostics_v3" name="test_run_caches_q_components_on_process" time="0.005" /><testcase classname="tests.v3.test_tsm_diagnostics_v3" name="test_equilibrium_temperature_short_circuits_with_mixed_finite_and_nan" time="0.004" /><testcase classname="tests.v3.test_tsm_diagnostics_v3" name="test_equilibrium_temperature_dataarray_and_ndarray_agree" time="0.072" /><testcase classname="tests.v3.test_tsm_diagnostics_v3" name="test_density_air_sat_finite_when_e_sat_exceeds_pressure" time="0.000" /><testcase classname="tests.v3.test_tsm_diagnostics_v3" name="test_equilibrium_temperature_zero_q_net_at_solution" time="0.003" /><testcase classname="tests.v3.test_tsm_diagnostics_v3" name="test_flux_components_q_solar_passthrough" time="0.000" /><testcase classname="tests.v3.test_tsm_diagnostics_v3" name="test_run_writes_q_diagnostics_only_when_registered" time="0.005" /><testcase classname="tests.v3.test_tsm_diagnostics_v3" name="test_equilibrium_temperature_writes_to_registry_when_registered" time="0.012" /><testcase classname="tests.v3.test_tsm_diagnostics_v3" name="test_equilibrium_temperature_warmer_when_solar_higher" time="0.002" /><testcase classname="tests.v3.test_wet_mask_scope_v3" name="test_c5_fallback_to_variables_when_output_variables_undeclared" time="0.000" /><testcase classname="tests.v3.test_wet_mask_scope_v3" name="test_c5_no_op_when_wet_mask_is_none" time="0.000" /><testcase classname="tests.v3.test_wet_mask_scope_v3" name="test_c5_temperature_declares_output_variables" time="0.000" /><testcase classname="tests.v3.test_wet_mask_scope_v3" name="test_c5_wet_mask_respects_output_variables_only" time="0.000" /><testcase classname="tests.v3.test_wet_mask_scope_v3" name="test_c5_temperature_output_variables_is_subset_of_variables" time="0.000" /><testcase classname="tests.v3.test_wet_mask_scope_v3" name="test_c5_temperature_output_variables_excludes_forcings" time="0.000" /><testcase classname="tests.v3.nsm1.test_pathogen_tier1" name="test_pathogen_accepts_parameter_override" time="0.000" /><testcase classname="tests.v3.nsm1.test_pathogen_tier1" name="test_pathogen_instantiates_with_defaults" time="0.000" /><testcase classname="tests.v3.nsm1.test_pathogen_tier1" name="test_tier1_pathogen_conservation_closed_system_decay_disabled" time="0.094" /><testcase classname="tests.v3.test_tsm_latent_heat_v3" name="test_lv_arraylike_input_works" time="0.000" /><testcase classname="tests.v3.test_tsm_latent_heat_v3" name="test_lv_matches_reference_at_known_temps[30.0-2429800.0]" time="0.000" /><testcase classname="tests.v3.test_tsm_latent_heat_v3" name="test_lv_matches_reference_at_known_temps[25.0-2441700.0]" time="0.000" /><testcase classname="tests.v3.test_tsm_latent_heat_v3" name="test_lv_monotonic_decreasing_with_temperature" time="0.000" /><testcase classname="tests.v3.test_tsm_latent_heat_v3" name="test_lv_not_prefix_v2_value" time="0.000" /><testcase classname="tests.v3.test_tsm_latent_heat_v3" name="test_lv_matches_reference_at_known_temps[10.0-2477300.0]" time="0.000" /><testcase classname="tests.v3.test_tsm_latent_heat_v3" name="test_lv_documented_expected_values" time="0.000" /><testcase classname="tests.v3.test_tsm_latent_heat_v3" name="test_lv_matches_reference_at_known_temps[0.0-2500900.0]" time="0.000" /><testcase classname="tests.v3.test_tsm_latent_heat_v3" name="test_lv_matches_reference_at_known_temps[100.0-2257000.0]" time="0.000" /><testcase classname="tests.v3.test_tsm_latent_heat_v3" name="test_lv_matches_reference_at_known_temps[20.0-2453500.0]" time="0.000" /><testcase classname="tests.v3.test_tsm_latent_heat_v3" name="test_lv_celsius_input_no_kelvin_offset" time="0.000" /><testcase classname="tests.v3.nsm1.test_validation_tier1_conservation" name="test_total_c_helper_returns_finite_positive" time="0.001" /><testcase classname="tests.v3.nsm1.test_validation_tier1_conservation" name="test_total_n_helper_returns_finite_positive" time="0.001" /><testcase classname="tests.v3.nsm1.test_validation_tier1_conservation" name="test_helpers_silently_skip_missing_reservoirs" time="0.000" /><testcase classname="tests.v3.nsm1.test_validation_tier1_conservation" name="test_tier1_cbod_conservation_closed_system_loss_disabled" time="0.049" /><testcase classname="tests.v3.nsm1.test_validation_tier1_conservation" name="test_tier1_total_n_conservation_closed_system_nitrogen_only" time="0.190" /><testcase classname="tests.v3.nsm1.test_validation_tier1_conservation" name="test_total_o2_equivalents_helper_returns_finite_positive" time="0.001" /><testcase classname="tests.v3.nsm1.test_validation_tier1_conservation" name="test_diagnostics_import_smoke" time="0.000" /><testcase classname="tests.v3.nsm1.test_validation_tier1_conservation" name="test_tier1_cbod_dox_coupled_stoichiometry" time="0.203" /><testcase classname="tests.v3.nsm1.test_validation_tier1_conservation" name="test_total_p_helper_returns_finite_positive" time="0.001" /><testcase classname="tests.v3.nsm1.test_validation_tier1_conservation" name="test_total_alkalinity_helper_returns_finite_positive" time="0.000" /><testcase classname="tests.v3.nsm1.test_carbon_v1_parity_v3" name="test_dic_algal_growth_uses_correct_rca" time="0.003" /><testcase classname="tests.v3.nsm1.test_carbon_v1_parity_v3" name="test_poc_hydrolysis_matches_v1" time="0.003" /><testcase classname="tests.v3.nsm1.test_carbon_v1_parity_v3" name="test_poc_settling_matches_v1" time="0.003" /><testcase classname="tests.v3.nsm1.test_carbon_v1_parity_v3" name="test_doc_oxidation_matches_v1" time="0.003" /><testcase classname="tests.v3.nsm1.test_carbon_v1_parity_v3" name="test_poc_hydrolysis_no_longer_dox_attenuated" time="0.005" /><testcase classname="tests.v3.nsm1.test_carbon_v1_parity_v3" name="test_dic_co2_reaeration_matches_v1" time="0.003" /><testcase classname="tests.v3.nsm1.test_carbon_v1_parity_v3" name="test_dic_algal_respiration_source_matches_fortran_anchored" time="0.003" /><testcase classname="tests.v3.nsm1.test_carbon_v1_parity_v3" name="test_dic_includes_cbod_oxidation" time="0.003" /><testcase classname="tests.v3.nsm1.test_carbon_v1_parity_v3" name="test_henrys_k_co2_matches_v1" time="0.000" /><testcase classname="tests.v3.test_nsm1_demo_setup" name="test_build_nsm1_demo_custom_process_parameters" time="0.000" /><testcase classname="tests.v3.test_nsm1_demo_setup" name="test_default_initial_conditions_covers_all_nsm1_states" time="0.000" /><testcase classname="tests.v3.test_nsm1_demo_setup" name="test_nitrogen_legacy_attributes_seeded_from_v3_defaults" time="0.000" /><testcase classname="tests.v3.test_nsm1_demo_setup" name="test_build_nsm1_demo_returns_runnable_handle" time="0.000" /><testcase classname="tests.v3.test_nsm1_demo_setup" name="test_build_nsm1_demo_step_advances_without_attribute_error" time="0.019" /><testcase classname="tests.v3.test_nsm1_demo_setup" name="test_default_process_parameters_covers_all_11_processes" time="0.000" /><testcase classname="tests.v3.test_nsm1_demo_setup" name="test_build_nsm1_demo_run_60_substeps_stable" time="1.085" /><testcase classname="tests.v3.test_nsm1_demo_setup" name="test_build_nsm1_demo_phosphorus_persists_to_tip" time="0.019" /><testcase classname="tests.v3.test_nsm1_demo_setup" name="test_nsm1_default_yaml_exists" time="0.000" /><testcase classname="tests.v3.test_nsm1_demo_setup" name="test_default_initial_conditions_no_legacy_phosphorus_name" time="0.000" /><testcase classname="tests.v3.test_nsm1_demo_setup" name="test_default_initial_conditions_n_cells_param" time="0.000" /><testcase classname="tests.v3.test_nsm1_demo_setup" name="test_build_nsm1_demo_custom_initial_conditions" time="0.000" /><testcase classname="tests.v3.test_nsm1_demo_setup" name="test_nsm1_default_yaml_declares_all_11_processes" time="0.002" /><testcase classname="tests.v3.test_nan_propagation_e2e_v3" name="test_nan_wind_speed_propagates_to_water_temperature" time="0.005" /><testcase classname="tests.v3.test_nan_propagation_e2e_v3" name="test_all_finite_forcings_produce_finite_output" time="0.005" /><testcase classname="tests.v3.test_nan_propagation_e2e_v3" name="test_nan_air_temperature_propagates_to_water_temperature" time="0.005" /><testcase classname="tests.v3.test_nan_propagation_e2e_v3" name="test_nan_solar_radiation_propagates_to_water_temperature" time="0.005" /><testcase classname="tests.v3.nsm1.test_validation_tier1p5_active_kinetics" name="test_tier1p5_no_clip_events_under_active_kinetics" time="1.665" /><testcase classname="tests.v3.nsm1.test_validation_tier1p5_active_kinetics" name="test_tier1p5_total_c_conservation_active_kinetics" time="1.673" /><testcase classname="tests.v3.nsm1.test_validation_tier1p5_active_kinetics" name="test_total_n_active_kinetics_helper_returns_finite_positive" time="0.001" /><testcase classname="tests.v3.nsm1.test_validation_tier1p5_active_kinetics" name="test_total_c_active_kinetics_helper_returns_finite_positive" time="0.001" /><testcase classname="tests.v3.nsm1.test_validation_tier1p5_active_kinetics" name="test_tier1p5_state_variables_finite_and_positive" time="1.660" /><testcase classname="tests.v3.nsm1.test_validation_tier1p5_active_kinetics" name="test_tier1p5_total_n_conservation_active_kinetics" time="1.659" /><testcase classname="tests.v3.nsm1.test_pathogen_v1_parity_v3" name="test_phase9f_lambdas_fixme_removed" time="0.002" /><testcase classname="tests.v3.nsm1.test_pathogen_v1_parity_v3" name="test_phase9fb_light_decay_uses_raw_q_solar" time="0.002" /><testcase classname="tests.v3.nsm1.test_pathogen_v1_parity_v3" name="test_pathogen_settling_matches_v1_PathogenSettling" time="0.000" /><testcase classname="tests.v3.nsm1.test_pathogen_v1_parity_v3" name="test_phase9fb_light_decay_matches_v1_with_canonical_apx" time="0.001" /><testcase classname="tests.v3.nsm1.test_pathogen_v1_parity_v3" name="test_pathogen_total_rate_matches_v1_dPXdt" time="0.001" /><testcase classname="tests.v3.nsm1.test_pathogen_v1_parity_v3" name="test_pathogen_natural_decay_matches_v1_PathogenDeath" time="0.000" /><testcase classname="tests.v3.nsm1.test_pathogen_v1_parity_v3" name="test_phase9f_q_solar_units_are_w_per_m2" time="0.001" /><testcase classname="tests.v3.nsm1.test_pathogen_v1_parity_v3" name="test_phase9fb_vx_canonical_value_pinned" time="0.000" /><testcase classname="tests.v3.nsm1.test_pathogen_v1_parity_v3" name="test_phase9fb_apx_canonical_value_pinned" time="0.000" /><testcase classname="tests.v3.nsm1.test_pathogen_v1_parity_v3" name="test_pathogen_light_decay_matches_v1_PathogenDecay" time="0.001" /><testcase classname="tests.v3.test_5_tsm_calculations_v3" name="test_changed_wind_a" time="0.000" /><testcase classname="tests.v3.test_5_tsm_calculations_v3" name="test_changed_air_temp_c" time="0.000" /><testcase classname="tests.v3.test_5_tsm_calculations_v3" name="test_use_sed_temp" time="0.000" /><testcase classname="tests.v3.test_5_tsm_calculations_v3" name="test_changed_volume" time="0.000" /><testcase classname="tests.v3.test_5_tsm_calculations_v3" name="test_changed_water_temp_c" time="0.000" /><testcase classname="tests.v3.test_5_tsm_calculations_v3" name="test_changed_surface_area" time="0.000" /><testcase classname="tests.v3.test_5_tsm_calculations_v3" name="test_defaults" time="0.000" /><testcase classname="tests.v3.test_5_tsm_calculations_v3" name="test_changed_cloudiness" time="0.000" /><testcase classname="tests.v3.test_5_tsm_calculations_v3" name="test_changed_q_solar" time="0.000" /><testcase classname="tests.v3.test_5_tsm_calculations_v3" name="test_changed_sed_temp_c" time="0.000" /><testcase classname="tests.v3.test_5_tsm_calculations_v3" name="test_changed_pressure_mb" time="0.000" /><testcase classname="tests.v3.test_5_tsm_calculations_v3" name="test_changed_wind_b" time="0.000" /><testcase classname="tests.v3.test_5_tsm_calculations_v3" name="test_changed_wind_kh_kw" time="0.000" /><testcase classname="tests.v3.test_5_tsm_calculations_v3" name="test_changed_wind_c" time="0.000" /><testcase classname="tests.v3.test_5_tsm_calculations_v3" name="test_changed_eair_mb" time="0.001" /><testcase classname="tests.v3.nsm1.test_phosphorus_tier1" name="test_phosphorus_accepts_parameter_override" time="0.000" /><testcase classname="tests.v3.nsm1.test_phosphorus_tier1" name="test_tier1_phosphorus_conservation_closed_system_loss_disabled" time="0.078" /><testcase classname="tests.v3.nsm1.test_phosphorus_tier1" name="test_phosphorus_instantiates_with_defaults" time="0.000" /><testcase classname="tests.v3.nsm1.test_benthic_algae_v1_parity_v3" name="test_rate_respiration_matches_v1_AbRespiration" time="0.000" /><testcase classname="tests.v3.nsm1.test_benthic_algae_v1_parity_v3" name="test_limit_density_matches_v1_FSb" time="0.000" /><testcase classname="tests.v3.nsm1.test_benthic_algae_v1_parity_v3" name="test_rate_growth_multiplicative_matches_v1_mub_times_Ab" time="0.001" /><testcase classname="tests.v3.nsm1.test_benthic_algae_v1_parity_v3" name="test_phase9e_bwa_harmonized_to_wasp7_canonical" time="0.000" /><testcase classname="tests.v3.nsm1.test_benthic_algae_v1_parity_v3" name="test_rate_death_matches_v1_AbDeath" time="0.000" /><testcase classname="tests.v3.nsm1.test_n2_v1_parity_v3" name="test_khn2_tc_matches_v1_KHN2_tc" time="0.000" /><testcase classname="tests.v3.nsm1.test_n2_v1_parity_v3" name="test_pwv_matches_v1_pwv" time="0.000" /><testcase classname="tests.v3.nsm1.test_n2_v1_parity_v3" name="test_n2_sat_cached_matches_v1_N2sat_at_run_time" time="0.001" /><testcase classname="tests.v3.nsm1.test_n2_v1_parity_v3" name="test_n2sat_henry_matches_v1_N2sat" time="0.000" /><testcase classname="tests.v3.nsm1.test_n2_v1_parity_v3" name="test_n2_atmospheric_exchange_matches_v1_dN2dt" time="0.002" /><testcase classname="tests.v3.test_model_minor_v3" name="test_m11_step_index_helper_is_deleted" time="0.000" /><testcase classname="tests.v3.test_model_minor_v3" name="test_m18_minor_run_order_not_exposed" time="0.000" /><testcase classname="tests.v3.test_model_minor_v3" name="test_m12_explicit_nonempty_path_is_preserved" time="0.000" /><testcase classname="tests.v3.test_model_minor_v3" name="test_m12_empty_simulation_directory_falls_back_to_cwd[empty_str]" time="0.000" /><testcase classname="tests.v3.test_model_minor_v3" name="test_m16_process_base_docstring_no_longer_lists_5_step_contract" time="0.000" /><testcase classname="tests.v3.test_model_minor_v3" name="test_m15_processes_accepts_generator" time="0.000" /><testcase classname="tests.v3.test_model_minor_v3" name="test_m12_empty_simulation_directory_falls_back_to_cwd[none]" time="0.000" /><testcase classname="tests.v3.test_model_minor_v3" name="test_m12_empty_simulation_directory_falls_back_to_cwd[empty_path]" time="0.000" /><testcase classname="tests.v3.test_model_minor_v3" name="test_m12_explicit_dot_path_is_preserved" time="0.000" /><testcase classname="tests.v3.test_model_minor_v3" name="test_m15_processes_accepts_plain_list_and_stores_tuple" time="0.000" /><testcase classname="tests.v3.test_config_init_robustness_v3" name="test_init_from_config_missing_process_spec_mentions_index" time="0.010" /><testcase classname="tests.v3.test_config_init_robustness_v3" name="test_resolve_hotstart_unsupported_suffix_lists_supported_options" time="0.001" /><testcase classname="tests.v3.test_config_init_robustness_v3" name="test_resolve_hotstart_supported_suffix_missing_file_names_yaml_key" time="0.027" /><testcase classname="tests.v3.test_config_init_robustness_v3" name="test_init_from_config_missing_data_sources_data_block_names_source" time="0.001" /><testcase classname="tests.v3.test_config_init_robustness_v3" name="test_resolve_hotstart_unsupported_suffix_names_yaml_key" time="0.000" /><testcase classname="tests.v3.test_config_init_robustness_v3" name="test_resolve_hotstart_integer_timestep_passes_through" time="0.006" /><testcase classname="tests.v3.test_config_init_robustness_v3" name="test_init_from_config_missing_model_start_datetime_names_path" time="0.000" /><testcase classname="tests.v3.test_config_init_robustness_v3" name="test_resolve_hotstart_happy_path_valid_nc" time="0.002" /><testcase classname="tests.v3.test_config_init_robustness_v3" name="test_resolve_hotstart_invalid_timestep_string_names_yaml_key" time="0.002" /><testcase classname="tests.v3.test_phase9fc_documentation" name="test_section_2_header_records_resolution_count" time="0.000" /><testcase classname="tests.v3.test_phase9fc_documentation" name="test_section_2_3_marked_resolved_in_phase9fc" time="0.000" /><testcase classname="tests.v3.test_phase9fc_documentation" name="test_phosphorus_use_sedflux_true_raises_notimplementederror" time="0.000" /><testcase classname="tests.v3.test_phase9fc_documentation" name="test_section_2_5_marked_resolved_in_phase9fc" time="0.000" /><testcase classname="tests.v3.test_phase9fc_documentation" name="test_ksbod_fixme_cleared" time="0.000" /><testcase classname="tests.v3.test_phase9fc_documentation" name="test_h2_fixme_cleared" time="0.000" /><testcase classname="tests.v3.test_phase9fc_documentation" name="test_pom_process_docstring_explains_h2_role" time="0.000" /><testcase classname="tests.v3.test_phase9fc_documentation" name="test_nitrogen_use_sedflux_true_raises_notimplementederror" time="0.000" /><testcase classname="tests.v3.test_phase9fc_documentation" name="test_phosphorus_use_sedflux_false_constructs_normally" time="0.000" /><testcase classname="tests.v3.test_phase9fc_documentation" name="test_nitrogen_use_sedflux_false_constructs_normally" time="0.000" /><testcase classname="tests.v3.test_phase9fc_documentation" name="test_section_2_1_marked_resolved_in_phase9fc" time="0.000" /><testcase classname="tests.v3.nsm1.test_alkalinity_v1_parity_v3" name="test_alk_algal_respiration_source_matches_v1" time="0.001" /><testcase classname="tests.v3.nsm1.test_alkalinity_v1_parity_v3" name="test_alk_denitrification_source_matches_v1" time="0.001" /><testcase classname="tests.v3.nsm1.test_alkalinity_v1_parity_v3" name="test_alk_nitrification_sink_matches_v1" time="0.001" /><testcase classname="tests.v3.nsm1.test_alkalinity_v1_parity_v3" name="test_alk_algal_growth_term_matches_v1" time="0.001" /><testcase classname="tests.v3.nsm1.test_floating_algae_v1_parity_v3" name="test_rate_death_matches_v1_ApDeath" time="0.000" /><testcase classname="tests.v3.nsm1.test_floating_algae_v1_parity_v3" name="test_rate_respiration_matches_v1_ApRespiration" time="0.000" /><testcase classname="tests.v3.nsm1.test_floating_algae_v1_parity_v3" name="test_rate_settling_matches_v1_ApSettling" time="0.000" /><testcase classname="tests.v3.nsm1.test_floating_algae_v1_parity_v3" name="test_rate_growth_multiplicative_matches_v1_mu_times_Ap" time="0.001" /><testcase classname="tests.v3.nsm1.test_floating_algae_v1_parity_v3" name="test_limit_nitrogen_matches_v1_FN" time="0.001" /><testcase classname="tests.v3.nsm1.test_floating_algae_v1_parity_v3" name="test_limit_phosphorus_matches_v1_FP" time="0.000" /><testcase classname="tests.v3.test_tsm_sediment_v3" name="test_sediment_temperature_change_sign_drives_toward_water" time="0.000" /><testcase classname="tests.v3.test_tsm_sediment_v3" name="test_evolve_sediment_temperature_can_be_disabled" time="0.000" /><testcase classname="tests.v3.test_tsm_sediment_v3" name="test_sediment_diffusivity_default_matches_fortran" time="0.000" /><testcase classname="tests.v3.test_tsm_sediment_v3" name="test_F2_helper_returns_clip_ratio_when_cap_fires" time="0.004" /><testcase classname="tests.v3.test_tsm_sediment_v3" name="test_sediment_temperature_change_relaxation_time_constant" time="0.000" /><testcase classname="tests.v3.test_tsm_sediment_v3" name="test_flux_sediment_matches_fortran_formula_at_realistic_inputs" time="0.000" /><testcase classname="tests.v3.test_tsm_sediment_v3" name="test_sediment_temperature_change_works_on_multi_cell_dataarray" time="0.000" /><testcase classname="tests.v3.test_tsm_sediment_v3" name="test_sediment_density_and_specific_heat_match_fortran" time="0.000" /><testcase classname="tests.v3.test_tsm_sediment_v3" name="test_F2_helper_returns_ramp_one_when_disabled_or_deep" time="0.008" /><testcase classname="tests.v3.test_tsm_sediment_v3" name="test_F2_sediment_delta_scales_by_ramp_and_clip_ratio_in_run" time="0.009" /><testcase classname="tests.v3.test_tsm_sediment_v3" name="test_water_sediment_energy_conservation_per_substep" time="0.000" /><testcase classname="tests.v3.test_tsm_sediment_v3" name="test_F2_helper_returns_correct_ramp_when_active" time="0.004" /><testcase classname="tests.v3.test_tsm_sediment_v3" name="test_sediment_temperature_change_zero_when_water_equals_sediment" time="0.000" /><testcase classname="tests.v3.test_tsm_sediment_v3" name="test_evolve_sediment_temperature_default_is_true" time="0.000" /><testcase classname="tests.v3.test_tsm_sediment_v3" name="test_F2_water_sediment_conservation_under_depth_ramp" time="0.009" /><testcase classname="tests.v3.nsm1.test_phase9a1_algae_wiring.TestFloatingAlgaeDefaultsAreLiteratureAligned" name="test_default_death_matches_v1" time="0.001" /><testcase classname="tests.v3.nsm1.test_phase9a1_algae_wiring.TestFloatingAlgaeDefaultsAreLiteratureAligned" name="test_default_KsN_KsP_match_v3_defaults" time="0.000" /><testcase classname="tests.v3.nsm1.test_phase9a1_algae_wiring.TestFloatingAlgaeDefaultsAreLiteratureAligned" name="test_default_respiration_matches_v1" time="0.000" /><testcase classname="tests.v3.nsm1.test_phase9a1_algae_wiring.TestFloatingAlgaeDefaultsAreLiteratureAligned" name="test_default_settling_matches_v1" time="0.000" /><testcase classname="tests.v3.nsm1.test_phase9a1_algae_wiring.TestFloatingAlgaeDefaultsAreLiteratureAligned" name="test_default_growth_rate_uses_default_constants" time="0.001" /><testcase classname="tests.v3.nsm1.test_phase9a1_algae_wiring.TestFloatingAlgaeHarmonicGrowthGuard" name="test_harmonic_mean_FP_zero_zeros_growth" time="0.001" /><testcase classname="tests.v3.nsm1.test_phase9a1_algae_wiring.TestFloatingAlgaeHarmonicGrowthGuard" name="test_harmonic_mean_FP_one_does_not_zero_growth" time="0.001" /><testcase classname="tests.v3.nsm1.test_phase9a1_algae_wiring" name="test_floating_algae_limit_light_option1_matches_v1_FL" time="0.002" /><testcase classname="tests.v3.nsm1.test_phase9a1_algae_wiring" name="test_benthic_algae_limit_light_option3_steele_matches_v1" time="0.001" /><testcase classname="tests.v3.nsm1.test_phase9a1_algae_wiring.TestBenthicAlgaeDefaultsAreV1Aligned" name="test_default_limit_density_matches_v1_FSb" time="0.001" /><testcase classname="tests.v3.nsm1.test_phase9a1_algae_wiring.TestBenthicAlgaeDefaultsAreV1Aligned" name="test_default_limit_nitrogen_uses_KsNb" time="0.001" /><testcase classname="tests.v3.nsm1.test_phase9a1_algae_wiring.TestBenthicAlgaeDefaultsAreV1Aligned" name="test_default_growth_rate_uses_v1_aligned_constants" time="0.001" /><testcase classname="tests.v3.nsm1.test_phase9a1_algae_wiring.TestBenthicAlgaeDefaultsAreV1Aligned" name="test_default_limit_phosphorus_uses_KsPb" time="0.001" /><testcase classname="tests.v3.nsm1.test_phase9a1_algae_wiring.TestBenthicAlgaeDefaultsAreV1Aligned" name="test_default_KsNb_KsPb_Ksb_match_v3_defaults" time="0.000" /><testcase classname="tests.v3.nsm1.test_phase9a1_algae_wiring.TestBenthicAlgaeDefaultsAreV1Aligned" name="test_default_respiration_matches_v1" time="0.000" /><testcase classname="tests.v3.nsm1.test_phase9a1_algae_wiring.TestBenthicAlgaeDefaultsAreV1Aligned" name="test_default_death_matches_v1" time="0.000" /><testcase classname="tests.v3.nsm1.test_phase9c_parameter_corrections" name="test_lambdam_matches_fortran_and_qual2k" time="0.000" /><testcase classname="tests.v3.nsm1.test_phase9c_parameter_corrections" name="test_lambdam_smoke_via_L_utility" time="0.001" /><testcase classname="tests.v3.nsm1.test_phase9c_parameter_corrections" name="test_vson_20_matches_global_vars_vson" time="0.000" /><testcase classname="tests.v3.nsm1.test_phase9c_parameter_corrections" name="test_vson_20_matches_fortran_and_v1" time="0.000" /><testcase classname="tests.v3.nsm1.test_phase9c_parameter_corrections" name="test_lambdas_active_in_light_extinction" time="0.000" /><testcase classname="tests.v3.nsm1.test_phase9c_parameter_corrections" name="test_pathogen_inline_lambdam_matches_global_vars" time="0.000" /><testcase classname="tests.v3.nsm1.test_dox_v1_parity_v3" name="test_phase9e_default_hydraulic_reaeration_option_is_5" time="0.000" /><testcase classname="tests.v3.nsm1.test_dox_v1_parity_v3" name="test_phase9e_sod_20_value_pinned" time="0.000" /><testcase classname="tests.v3.nsm1.test_dox_v1_parity_v3" name="test_atmospheric_reaeration_matches_v1" time="0.002" /><testcase classname="tests.v3.nsm1.test_dox_v1_parity_v3" name="test_o2sat_full_apha_matches_v1" time="0.001" /><testcase classname="tests.v3.nsm1.test_dox_v1_parity_v3" name="test_dox_nitrification_sink_matches_v1" time="0.002" /><testcase classname="tests.v3.nsm1.test_dox_v1_parity_v3" name="test_dox_sod_sink_matches_v1_with_attenuation" time="0.002" /><testcase classname="tests.v3.nsm1.test_dox_v1_parity_v3" name="test_dox_sod_attenuates_at_low_dox" time="0.004" /><testcase classname="tests.v3.nsm1.test_dox_v1_parity_v3" name="test_dox_algal_photosynthesis_uses_correct_rca" time="0.002" /><testcase classname="tests.v3.nsm1.test_dox_v1_parity_v3" name="test_dox_algal_photosynthesis_source_matches_fortran_anchored" time="0.002" /><testcase classname="tests.v3.nsm1.test_dox_v1_parity_v3" name="test_phase9e_default_dox_reaeration_uses_hydraulics" time="0.002" /><testcase classname="tests.v3.nsm1.test_n2_tier1" name="test_n2_instantiates_with_defaults" time="0.000" /><testcase classname="tests.v3.nsm1.test_n2_tier1" name="test_tier1_n2_conservation_closed_system_loss_disabled" time="0.072" /><testcase classname="tests.v3.nsm1.test_n2_tier1" name="test_n2_run_computes_tdg_diagnostic" time="0.001" /><testcase classname="tests.v3.nsm1.test_n2_tier1" name="test_n2_accepts_parameter_override" time="0.000" /><testcase classname="tests.v3.nsm1.test_n2_tier1" name="test_tier1_n2_with_nitrogen_zeroed_kinetics" time="0.266" /><testcase classname="tests.v3.test_tsm_stability_ramp_v3" name="test_t3_ramp_inactive_on_deep_cell" time="0.001" /><testcase classname="tests.v3.test_tsm_stability_ramp_v3" name="test_t4_cap_activates_on_extreme_flux" time="0.001" /><testcase classname="tests.v3.test_tsm_stability_ramp_v3" name="test_t4b_cap_activates_on_extreme_negative_flux" time="0.001" /><testcase classname="tests.v3.test_tsm_stability_ramp_v3" name="test_t2_ramp_activates_on_shallow_cell" time="0.001" /><testcase classname="tests.v3.test_tsm_stability_ramp_v3" name="test_t5_cap_disabled_passes_extreme_flux" time="0.001" /><testcase classname="tests.v3.test_tsm_stability_ramp_v3" name="test_t6b_mixed_depths_with_cap" time="0.001" /><testcase classname="tests.v3.test_tsm_stability_ramp_v3" name="test_t6_mixed_depths_round_trip" time="0.002" /><testcase classname="tests.v3.test_tsm_stability_ramp_v3" name="test_t1_disabled_matches_legacy_arithmetic" time="0.001" /><testcase classname="tests.v3.test_schedule_non_integer_v3" name="test_integer_second_non_divisor_rejected_by_init_model" time="0.000" /><testcase classname="tests.v3.test_schedule_non_integer_v3" name="test_integer_second_non_divisor_rejected_by_build_schedule_directly" time="0.000" /><testcase classname="tests.v3.test_schedule_non_integer_v3" name="test_zero_time_step_constructor_does_not_validate" time="0.000" /><testcase classname="tests.v3.test_schedule_non_integer_v3" name="test_zero_time_step_raises_zero_division_error" time="0.000" /><testcase classname="tests.v3.test_schedule_non_integer_v3" name="test_sub_second_three_to_one_ratio_documents_m18_residual_gap" time="0.000" /><testcase classname="tests.v3.test_schedule_non_integer_v3" name="test_sub_second_two_point_five_to_one_ratio_rejected" time="0.000" /><testcase classname="tests.v3.test_model_robustness_v3" name="test_m7_chunked_simulation_uses_chunk_window" time="0.000" /><testcase classname="tests.v3.test_model_robustness_v3" name="test_m14_known_wet_mask_variable_passes_validation" time="0.000" /><testcase classname="tests.v3.test_model_robustness_v3" name="test_m7_non_chunked_with_chunked_source_reads_full_window" time="0.000" /><testcase classname="tests.v3.test_model_robustness_v3" name="test_m10_run_twice_raises_runtime_error" time="0.000" /><testcase classname="tests.v3.test_model_robustness_v3" name="test_m8_no_time_dim_with_none_timestep_uses_dataset_as_is" time="0.000" /><testcase classname="tests.v3.test_model_robustness_v3" name="test_m8_no_time_dim_with_explicit_timestep_raises_value_error" time="0.000" /><testcase classname="tests.v3.test_model_robustness_v3" name="test_m5_ordering_contract_documented_on_process_base_module" time="0.000" /><testcase classname="tests.v3.test_model_robustness_v3" name="test_m14_unknown_wet_mask_variable_raises_key_error_at_init" time="0.000" /><testcase classname="tests.v3.test_model_robustness_v3" name="test_m5_ordering_contract_documented_on_init_model" time="0.000" /><testcase classname="tests.v3.test_model_robustness_v3" name="test_m10_first_run_completes_successfully" time="0.000" /><testcase classname="tests.v3.nsm1.test_dox_tier1" name="test_dox_accepts_parameter_override" time="0.000" /><testcase classname="tests.v3.nsm1.test_dox_tier1" name="test_tier1_dox_with_nitrogen_zeroed_kinetics" time="0.342" /><testcase classname="tests.v3.nsm1.test_dox_tier1" name="test_dox_instantiates_with_defaults" time="0.000" /><testcase classname="tests.v3.nsm1.test_dox_tier1" name="test_tier1_dox_conservation_closed_system_loss_disabled" time="0.134" /><testcase classname="tests.v3.test_temperature_minor_v3" name="test_flux_sediment_disabled_returns_dataarray_zeros" time="0.000" /><testcase classname="tests.v3.test_temperature_minor_v3" name="test_temperature_change_no_longer_self_guards_zero_volume" time="0.004" /><testcase classname="tests.v3.test_temperature_minor_v3" name="test_water_specific_heat_propagates_nan" time="0.000" /><testcase classname="tests.v3.test_temperature_minor_v3" name="test_mixing_ratio_air_simplified_form_preserves_c4_cases" time="0.001" /><testcase classname="tests.v3.nsm1.test_alkalinity_tier1" name="test_alkalinity_accepts_parameter_override" time="0.000" /><testcase classname="tests.v3.nsm1.test_alkalinity_tier1" name="test_tier1_alk_with_nitrogen_zeroed_kinetics" time="0.219" /><testcase classname="tests.v3.nsm1.test_alkalinity_tier1" name="test_alkalinity_instantiates_with_defaults" time="0.000" /><testcase classname="tests.v3.nsm1.test_alkalinity_tier1" name="test_tier1_alkalinity_conservation_closed_system_loss_disabled" time="0.001" /><testcase classname="tests.v3.nsm1.test_cbod_v1_parity_v3" name="test_cbod_oxidation_no_dox_matches_v1_first_order" time="0.001" /><testcase classname="tests.v3.nsm1.test_cbod_v1_parity_v3" name="test_cbod_settling_matches_v1_CBOD_sedimentation_per_depth" time="0.001" /><testcase classname="tests.v3.nsm1.test_cbod_v1_parity_v3" name="test_cbod_oxidation_matches_v1_CBOD_oxidation" time="0.001" /><testcase classname="tests.v3.test_wet_dry_transition_v3" name="test_dry_throughout_cell_stays_nan_every_substep" time="0.014" /><testcase classname="tests.v3.test_wet_dry_transition_v3" name="test_wet_dry_wet_trajectory_with_wet_mask" time="0.014" /><testcase classname="tests.v3.test_wet_dry_transition_v3" name="test_dry_cell_without_wet_mask_produces_nan_or_inf" time="0.005" /><testcase classname="tests.v3.test_wet_dry_transition_v3" name="test_dry_cell_with_wet_mask_produces_clean_nan" time="0.005" /><testcase classname="tests.v3.test_mixing_ratio_air_v3" name="test_mixing_ratio_vectorized_mixed_case" time="0.000" /><testcase classname="tests.v3.test_mixing_ratio_air_v3" name="test_mixing_ratio_negative_denominator" time="0.000" /><testcase classname="tests.v3.test_mixing_ratio_air_v3" name="test_mixing_ratio_normal_case" time="0.000" /><testcase classname="tests.v3.test_mixing_ratio_air_v3" name="test_mixing_ratio_equality_case" time="0.000" /></testsuite></testsuites>