<?xml version="1.0" encoding="utf-8"?><testsuites name="pytest tests"><testsuite name="pytest" errors="0" failures="0" skipped="0" tests="40" time="12.303" timestamp="2026-05-16T19:57:30.490842-07:00" hostname="Todds-MacBook-Air.local"><testcase classname="tests.v3.nsm1.test_alkalinity_tier1" name="test_tier1_alkalinity_conservation_closed_system_loss_disabled" time="0.002" /><testcase classname="tests.v3.nsm1.test_alkalinity_tier1" name="test_tier1_alk_with_nitrogen_zeroed_kinetics" time="0.316" /><testcase classname="tests.v3.nsm1.test_alkalinity_tier1" name="test_alkalinity_instantiates_with_defaults" time="0.000" /><testcase classname="tests.v3.nsm1.test_alkalinity_tier1" name="test_alkalinity_accepts_parameter_override" time="0.000" /><testcase classname="tests.v3.nsm1.test_carbon_tier1" name="test_tier1_carbon_conservation_closed_system_loss_disabled" time="0.345" /><testcase classname="tests.v3.nsm1.test_carbon_tier1" name="test_carbon_instantiates_from_defaults" time="0.000" /><testcase classname="tests.v3.nsm1.test_carbon_tier1" name="test_carbon_run_caches_doc_dic_oxidation_rate" time="0.004" /><testcase classname="tests.v3.nsm1.test_dox_tier1" name="test_tier1_dox_conservation_closed_system_loss_disabled" time="0.166" /><testcase classname="tests.v3.nsm1.test_dox_tier1" name="test_dox_instantiates_with_defaults" time="0.000" /><testcase classname="tests.v3.nsm1.test_dox_tier1" name="test_dox_accepts_parameter_override" time="0.000" /><testcase classname="tests.v3.nsm1.test_dox_tier1" name="test_tier1_dox_with_nitrogen_zeroed_kinetics" time="0.455" /><testcase classname="tests.v3.nsm1.test_n2_tier1" name="test_tier1_n2_conservation_closed_system_loss_disabled" time="0.090" /><testcase classname="tests.v3.nsm1.test_n2_tier1" name="test_n2_instantiates_with_defaults" time="0.000" /><testcase classname="tests.v3.nsm1.test_n2_tier1" name="test_n2_accepts_parameter_override" time="0.000" /><testcase classname="tests.v3.nsm1.test_n2_tier1" name="test_n2_run_computes_tdg_diagnostic" time="0.001" /><testcase classname="tests.v3.nsm1.test_n2_tier1" name="test_tier1_n2_with_nitrogen_zeroed_kinetics" time="0.364" /><testcase classname="tests.v3.nsm1.test_pathogen_tier1" name="test_tier1_pathogen_conservation_closed_system_decay_disabled" time="0.124" /><testcase classname="tests.v3.nsm1.test_pathogen_tier1" name="test_pathogen_instantiates_with_defaults" time="0.000" /><testcase classname="tests.v3.nsm1.test_pathogen_tier1" name="test_pathogen_accepts_parameter_override" time="0.000" /><testcase classname="tests.v3.nsm1.test_phosphorus_tier1" name="test_tier1_phosphorus_conservation_closed_system_loss_disabled" time="0.098" /><testcase classname="tests.v3.nsm1.test_phosphorus_tier1" name="test_phosphorus_instantiates_with_defaults" time="0.000" /><testcase classname="tests.v3.nsm1.test_phosphorus_tier1" name="test_phosphorus_accepts_parameter_override" time="0.000" /><testcase classname="tests.v3.nsm1.test_pom_tier1" name="test_tier1_pom_conservation_closed_system_loss_disabled" time="0.044" /><testcase classname="tests.v3.nsm1.test_pom_tier1" name="test_pom_instantiates_from_defaults" time="0.000" /><testcase classname="tests.v3.nsm1.test_validation_tier1_conservation" name="test_tier1_total_n_conservation_closed_system_nitrogen_only" time="0.265" /><testcase classname="tests.v3.nsm1.test_validation_tier1_conservation" name="test_total_n_helper_returns_finite_positive" time="0.001" /><testcase classname="tests.v3.nsm1.test_validation_tier1_conservation" name="test_total_p_helper_returns_finite_positive" time="0.001" /><testcase classname="tests.v3.nsm1.test_validation_tier1_conservation" name="test_total_c_helper_returns_finite_positive" time="0.001" /><testcase classname="tests.v3.nsm1.test_validation_tier1_conservation" name="test_total_o2_equivalents_helper_returns_finite_positive" time="0.001" /><testcase classname="tests.v3.nsm1.test_validation_tier1_conservation" name="test_total_alkalinity_helper_returns_finite_positive" time="0.000" /><testcase classname="tests.v3.nsm1.test_validation_tier1_conservation" name="test_helpers_silently_skip_missing_reservoirs" time="0.000" /><testcase classname="tests.v3.nsm1.test_validation_tier1_conservation" name="test_diagnostics_import_smoke" time="0.000" /><testcase classname="tests.v3.nsm1.test_validation_tier1_conservation" name="test_tier1_cbod_conservation_closed_system_loss_disabled" time="0.076" /><testcase classname="tests.v3.nsm1.test_validation_tier1_conservation" name="test_tier1_cbod_dox_coupled_stoichiometry" time="0.264" /><testcase classname="tests.v3.nsm1.test_validation_tier1p5_active_kinetics" name="test_tier1p5_total_n_conservation_active_kinetics" time="2.400" /><testcase classname="tests.v3.nsm1.test_validation_tier1p5_active_kinetics" name="test_tier1p5_total_c_conservation_active_kinetics" time="2.409" /><testcase classname="tests.v3.nsm1.test_validation_tier1p5_active_kinetics" name="test_tier1p5_no_clip_events_under_active_kinetics" time="2.415" /><testcase classname="tests.v3.nsm1.test_validation_tier1p5_active_kinetics" name="test_tier1p5_state_variables_finite_and_positive" time="2.401" /><testcase classname="tests.v3.nsm1.test_validation_tier1p5_active_kinetics" name="test_total_n_active_kinetics_helper_returns_finite_positive" time="0.001" /><testcase classname="tests.v3.nsm1.test_validation_tier1p5_active_kinetics" name="test_total_c_active_kinetics_helper_returns_finite_positive" time="0.001" /></testsuite></testsuites>